2018-12-31 01:09:10.294  INFO 9908 --- [main] com.tck.camunda.CamundaCamelApplication  : Starting CamundaCamelApplication on BOOK-2 with PID 9908 (C:\IdeaProjects\testCamelCamundaBoundary\target\classes started by User in C:\IdeaProjects\testCamelCamundaBoundary)
2018-12-31 01:09:10.299  INFO 9908 --- [main] com.tck.camunda.CamundaCamelApplication  : The following profiles are active: dev
2018-12-31 01:09:10.740  INFO 9908 --- [main] ConfigServletWebServerApplicationContext : Refreshing org.springframework.boot.web.servlet.context.AnnotationConfigServletWebServerApplicationContext@3c947bc5: startup date [Mon Dec 31 01:09:10 ICT 2018]; root of context hierarchy
2018-12-31 01:09:11.591  INFO 9908 --- [main] o.s.b.f.s.DefaultListableBeanFactory     : Overriding bean definition for bean 'requestContextFilter' with a different definition: replacing [Root bean: class [null]; scope=; abstract=false; lazyInit=false; autowireMode=3; dependencyCheck=0; autowireCandidate=true; primary=false; factoryBeanName=org.springframework.boot.autoconfigure.jersey.JerseyAutoConfiguration; factoryMethodName=requestContextFilter; initMethodName=null; destroyMethodName=(inferred); defined in class path resource [org/springframework/boot/autoconfigure/jersey/JerseyAutoConfiguration.class]] with [Root bean: class [org.springframework.boot.autoconfigure.web.servlet.WebMvcAutoConfiguration$WebMvcAutoConfigurationAdapter]; scope=; abstract=false; lazyInit=false; autowireMode=3; dependencyCheck=0; autowireCandidate=true; primary=false; factoryBeanName=null; factoryMethodName=requestContextFilter; initMethodName=null; destroyMethodName=(inferred); defined in class path resource [org/springframework/boot/autoconfigure/web/servlet/WebMvcAutoConfiguration$WebMvcAutoConfigurationAdapter.class]]
2018-12-31 01:09:12.192  INFO 9908 --- [main] f.a.AutowiredAnnotationBeanPostProcessor : JSR-330 'javax.inject.Inject' annotation found and supported for autowiring
2018-12-31 01:09:12.317  INFO 9908 --- [main] trationDelegate$BeanPostProcessorChecker : Bean 'org.apache.camel.spring.boot.CamelAutoConfiguration' of type [org.apache.camel.spring.boot.CamelAutoConfiguration$$EnhancerBySpringCGLIB$$4574320a] is not eligible for getting processed by all BeanPostProcessors (for example: not eligible for auto-proxying)
2018-12-31 01:09:12.332  INFO 9908 --- [main] trationDelegate$BeanPostProcessorChecker : Bean 'org.springframework.transaction.annotation.ProxyTransactionManagementConfiguration' of type [org.springframework.transaction.annotation.ProxyTransactionManagementConfiguration$$EnhancerBySpringCGLIB$$234a6beb] is not eligible for getting processed by all BeanPostProcessors (for example: not eligible for auto-proxying)
2018-12-31 01:09:12.767  INFO 9908 --- [main] o.s.b.w.embedded.tomcat.TomcatWebServer  : Tomcat initialized with port(s): 8080 (http)
2018-12-31 01:09:12.798  INFO 9908 --- [main] o.apache.catalina.core.StandardService   : Starting service [Tomcat]
2018-12-31 01:09:12.798  INFO 9908 --- [main] org.apache.catalina.core.StandardEngine  : Starting Servlet Engine: Apache Tomcat/8.5.31
2018-12-31 01:09:12.804  INFO 9908 --- [localhost-startStop-1] o.a.catalina.core.AprLifecycleListener   : The APR based Apache Tomcat Native library which allows optimal performance in production environments was not found on the java.library.path: [C:\Program Files\Java\jdk1.8.0_172\bin;C:\Windows\Sun\Java\bin;C:\Windows\system32;C:\Windows;c:\Program Files (x86)\Intel\iCLS Client\;c:\Program Files\Intel\iCLS Client\;C:\Windows\system32;C:\Windows;C:\Windows\System32\Wbem;C:\Windows\System32\WindowsPowerShell\v1.0\;C:\Program Files\Intel\Intel(R) Management Engine Components\DAL;C:\Program Files\Intel\Intel(R) Management Engine Components\IPT;C:\Program Files (x86)\Intel\Intel(R) Management Engine Components\DAL;C:\Program Files (x86)\Intel\Intel(R) Management Engine Components\IPT;C:\Program Files (x86)\Kaspersky Lab\Kaspersky Endpoint Security 10 for Windows SP2\;C:\Program Files\Git\cmd;C:\Program Files (x86)\Bitvise SSH Client;C:\Program Files\PuTTY\;C:\Program Files (x86)\OpenVPN\bin;C:\Program Files\Java\jdk1.8.0_172\jre\bin;C:\apache-maven-3.5.3\bin;.]
2018-12-31 01:09:13.078  INFO 9908 --- [localhost-startStop-1] o.a.c.c.C.[Tomcat].[localhost].[/]       : Initializing Spring embedded WebApplicationContext
2018-12-31 01:09:13.079  INFO 9908 --- [localhost-startStop-1] o.s.web.context.ContextLoader            : Root WebApplicationContext: initialization completed in 2339 ms
2018-12-31 01:09:13.136  INFO 9908 --- [localhost-startStop-1] .c.b.s.b.s.r.CamundaJerseyResourceConfig : Configuring camunda rest api.
2018-12-31 01:09:13.160  INFO 9908 --- [localhost-startStop-1] .c.b.s.b.s.r.CamundaJerseyResourceConfig : Finished configuring camunda rest api.
2018-12-31 01:09:13.639  INFO 9908 --- [localhost-startStop-1] o.s.b.w.servlet.ServletRegistrationBean  : Servlet org.camunda.bpm.spring.boot.starter.rest.CamundaJerseyResourceConfig mapped to [/rest/*]
2018-12-31 01:09:13.641  INFO 9908 --- [localhost-startStop-1] o.s.b.w.servlet.ServletRegistrationBean  : Servlet dispatcherServlet mapped to [/]
2018-12-31 01:09:13.652  INFO 9908 --- [localhost-startStop-1] o.s.b.w.servlet.FilterRegistrationBean   : Mapping filter: 'characterEncodingFilter' to: [/*]
2018-12-31 01:09:13.652  INFO 9908 --- [localhost-startStop-1] o.s.b.w.servlet.FilterRegistrationBean   : Mapping filter: 'hiddenHttpMethodFilter' to: [/*]
2018-12-31 01:09:13.652  INFO 9908 --- [localhost-startStop-1] o.s.b.w.servlet.FilterRegistrationBean   : Mapping filter: 'httpPutFormContentFilter' to: [/*]
2018-12-31 01:09:13.652  INFO 9908 --- [localhost-startStop-1] o.s.b.w.servlet.FilterRegistrationBean   : Mapping filter: 'requestContextFilter' to: [/*]
2018-12-31 01:09:13.891  INFO 9908 --- [main] o.a.c.i.converter.DefaultTypeConverter   : Type converters loaded (core: 195, classpath: 1)
2018-12-31 01:09:14.337  INFO 9908 --- [main] org.camunda.bpm.spring.boot              : STARTER-SB040 Setting up jobExecutor with corePoolSize=3, maxPoolSize:10
2018-12-31 01:09:14.346  INFO 9908 --- [main] o.s.s.concurrent.ThreadPoolTaskExecutor  : Initializing ExecutorService  'camundaTaskExecutor'
2018-12-31 01:09:14.590  INFO 9908 --- [main] org.camunda.bpm.engine.cfg               : ENGINE-12003 Plugin 'CompositeProcessEnginePlugin[genericPropertiesConfiguration, camundaProcessEngineConfiguration, camundaDatasourceConfiguration, camundaJobConfiguration, camundaHistoryConfiguration, camundaMetricsConfiguration, camundaAuthorizationConfiguration, CreateAdminUserConfiguration[adminUser=AdminUserProperty[id=demo, firstName=Demo, lastName=Demo, email=demo@localhost, password=demo]], failedJobConfiguration, historyLevelAutoConfiguration, disableDeploymentResourcePattern, SpinProcessEnginePlugin]' activated on process engine 'default'
2018-12-31 01:09:14.600  INFO 9908 --- [main] com.zaxxer.hikari.HikariDataSource       : HikariPool-1 - Starting...
2018-12-31 01:09:14.691  INFO 9908 --- [main] com.zaxxer.hikari.HikariDataSource       : HikariPool-1 - Start completed.
2018-12-31 01:09:14.713  INFO 9908 --- [main] org.camunda.bpm.spring.boot              : STARTER-SB020 ProcessApplication enabled: autoDeployment via springConfiguration#deploymentResourcePattern is disabled
2018-12-31 01:09:14.722  INFO 9908 --- [main] org.camunda.spin                         : SPIN-01010 Discovered Spin data format provider: org.camunda.spin.impl.json.jackson.format.JacksonJsonDataFormatProvider[name = application/json]
2018-12-31 01:09:14.917  INFO 9908 --- [main] org.camunda.spin                         : SPIN-01010 Discovered Spin data format provider: org.camunda.spin.impl.xml.dom.format.DomXmlDataFormatProvider[name = application/xml]
2018-12-31 01:09:14.923  INFO 9908 --- [main] org.camunda.spin                         : SPIN-01009 Discovered Spin data format: org.camunda.spin.impl.xml.dom.format.DomXmlDataFormat[name = application/xml]
2018-12-31 01:09:14.923  INFO 9908 --- [main] org.camunda.spin                         : SPIN-01009 Discovered Spin data format: org.camunda.spin.impl.json.jackson.format.JacksonJsonDataFormat[name = application/json]
2018-12-31 01:09:19.496  INFO 9908 --- [main] org.camunda.bpm.engine                   : ENGINE-00001 Process Engine default created.
2018-12-31 01:09:19.538  INFO 9908 --- [main] org.camunda.bpm.spring.boot              : STARTER-SB011 skip creating initital Admin User, user does exist: UserEntity[id=demo, revision=1, firstName=Demo, lastName=Demo, email=demo@localhost, password={SHA-512}1gQYaos7xUap5wBbLkvc65purkbgShyp3PU9NJhX57Kz4vuBu/1A597c+LZ9PrNHybJJtq47TYOoTKMShH2VnA==, salt=MWmy1S+aQM+p6FQH8Aq9MA==, lockExpirationTime=null, attempts=0]
2018-12-31 01:09:19.811  INFO 9908 --- [main] o.s.w.s.handler.SimpleUrlHandlerMapping  : Mapped URL path [/**/favicon.ico] onto handler of type [class org.springframework.web.servlet.resource.ResourceHttpRequestHandler]
2018-12-31 01:09:19.991  INFO 9908 --- [main] s.w.s.m.m.a.RequestMappingHandlerAdapter : Looking for @ControllerAdvice: org.springframework.boot.web.servlet.context.AnnotationConfigServletWebServerApplicationContext@3c947bc5: startup date [Mon Dec 31 01:09:10 ICT 2018]; root of context hierarchy
2018-12-31 01:09:20.080  INFO 9908 --- [main] s.w.s.m.m.a.RequestMappingHandlerMapping : Mapped "{[/error]}" onto public org.springframework.http.ResponseEntity<java.util.Map<java.lang.String, java.lang.Object>> org.springframework.boot.autoconfigure.web.servlet.error.BasicErrorController.error(javax.servlet.http.HttpServletRequest)
2018-12-31 01:09:20.082  INFO 9908 --- [main] s.w.s.m.m.a.RequestMappingHandlerMapping : Mapped "{[/error],produces=[text/html]}" onto public org.springframework.web.servlet.ModelAndView org.springframework.boot.autoconfigure.web.servlet.error.BasicErrorController.errorHtml(javax.servlet.http.HttpServletRequest,javax.servlet.http.HttpServletResponse)
2018-12-31 01:09:20.137  INFO 9908 --- [main] o.s.w.s.handler.SimpleUrlHandlerMapping  : Mapped URL path [/webjars/**] onto handler of type [class org.springframework.web.servlet.resource.ResourceHttpRequestHandler]
2018-12-31 01:09:20.137  INFO 9908 --- [main] o.s.w.s.handler.SimpleUrlHandlerMapping  : Mapped URL path [/**] onto handler of type [class org.springframework.web.servlet.resource.ResourceHttpRequestHandler]
2018-12-31 01:09:20.138  INFO 9908 --- [main] o.s.w.s.handler.SimpleUrlHandlerMapping  : Mapped URL path [/lib/**] onto handler of type [class org.springframework.web.servlet.resource.ResourceHttpRequestHandler]
2018-12-31 01:09:20.138  INFO 9908 --- [main] o.s.w.s.handler.SimpleUrlHandlerMapping  : Mapped URL path [/api/**] onto handler of type [class org.springframework.web.servlet.resource.ResourceHttpRequestHandler]
2018-12-31 01:09:20.138  INFO 9908 --- [main] o.s.w.s.handler.SimpleUrlHandlerMapping  : Mapped URL path [/app/**] onto handler of type [class org.springframework.web.servlet.resource.ResourceHttpRequestHandler]
2018-12-31 01:09:20.234  INFO 9908 --- [main] o.s.b.a.w.s.WelcomePageHandlerMapping    : Adding welcome page: class path resource [META-INF/resources/index.html]
2018-12-31 01:09:20.773  INFO 9908 --- [main] o.c.b.s.b.s.w.f.LazyInitRegistration     : lazy initialized org.camunda.bpm.spring.boot.starter.webapp.filter.LazySecurityFilter@2570c959
2018-12-31 01:09:20.774  INFO 9908 --- [main] o.c.b.s.b.s.w.f.LazyInitRegistration     : lazy initialized org.camunda.bpm.spring.boot.starter.webapp.filter.LazyProcessEnginesFilter@4f2ec843
2018-12-31 01:09:21.294  INFO 9908 --- [main] o.s.j.e.a.AnnotationMBeanExporter        : Registering beans for JMX exposure on startup
2018-12-31 01:09:21.296  INFO 9908 --- [main] o.s.j.e.a.AnnotationMBeanExporter        : Bean with name 'dataSource' has been autodetected for JMX exposure
2018-12-31 01:09:21.311  INFO 9908 --- [main] o.s.j.e.a.AnnotationMBeanExporter        : Located MBean 'dataSource': registering with JMX server as MBean [com.zaxxer.hikari:name=dataSource,type=HikariDataSource]
2018-12-31 01:09:21.321  INFO 9908 --- [main] c.t.camunda.routes.MyCamelRouteBuilder   : =======================
2018-12-31 01:09:21.321  INFO 9908 --- [main] c.t.camunda.routes.MyCamelRouteBuilder   : Configuring Routes
2018-12-31 01:09:21.348  INFO 9908 --- [main] o.a.camel.spring.boot.RoutesCollector    : Loading additional Camel XML routes from: classpath:camel/*.xml
2018-12-31 01:09:21.348  INFO 9908 --- [main] o.a.camel.spring.boot.RoutesCollector    : Loading additional Camel XML rests from: classpath:camel-rest/*.xml
2018-12-31 01:09:21.359  INFO 9908 --- [main] o.a.camel.spring.SpringCamelContext      : Apache Camel 2.22.2 (CamelContext: camel-1) is starting
2018-12-31 01:09:21.361  INFO 9908 --- [main] o.a.camel.spring.SpringCamelContext      : StreamCaching is enabled on CamelContext: camel-1
2018-12-31 01:09:21.361  INFO 9908 --- [main] o.a.c.m.ManagedManagementStrategy        : JMX is enabled
2018-12-31 01:09:22.191  INFO 9908 --- [main] o.a.c.impl.DefaultStreamCachingStrategy  : StreamCaching in use with spool directory: C:\Users\User\AppData\Local\Temp\camel\camel-tmp-70376e80-b823-46d6-b779-86f7ef2e41f2 and rules: [Spool > 128K body size]
2018-12-31 01:09:22.310  INFO 9908 --- [main] o.a.camel.spring.SpringCamelContext      : Route: file started and consuming from: file://C:%5CUsers%5CUser%5Ccamunda-bpm-demo-camel
2018-12-31 01:09:22.312  INFO 9908 --- [main] o.a.camel.spring.SpringCamelContext      : Route: syncService started and consuming from: direct://syncService
2018-12-31 01:09:22.313  INFO 9908 --- [main] o.a.camel.spring.SpringCamelContext      : Total 2 routes, of which 2 are started
2018-12-31 01:09:22.315  INFO 9908 --- [main] o.a.camel.spring.SpringCamelContext      : Apache Camel 2.22.2 (CamelContext: camel-1) started in 0.954 seconds
2018-12-31 01:09:22.342  INFO 9908 --- [main] org.camunda.bpm.container                : ENGINE-08024 Found processes.xml file at file:/C:/IdeaProjects/testCamelCamundaBoundary/target/classes/META-INF/processes.xml
2018-12-31 01:09:22.345  INFO 9908 --- [main] org.camunda.bpm.container                : ENGINE-08025 Detected empty processes.xml file, using default values
2018-12-31 01:09:22.353  INFO 9908 --- [main] org.camunda.bpm.container                : ENGINE-08023 Deployment summary for process archive 'camundaCamelApplication': 

        bpmn/testBoundaryEventWithCamel.bpmn

2018-12-31 01:09:22.547  INFO 9908 --- [main] org.camunda.bpm.application              : ENGINE-07021 ProcessApplication 'camundaCamelApplication' registered for DB deployments [08aff92c-0c5e-11e9-99b0-c8f733c4eebf]. Will execute process definitions 

        camundaCamel[version: 1, id: camundaCamel:1:08c99bae-0c5e-11e9-99b0-c8f733c4eebf]
Deployment does not provide any case definitions.
2018-12-31 01:09:22.567  INFO 9908 --- [main] org.camunda.bpm.container                : ENGINE-08050 Process application camundaCamelApplication successfully deployed
2018-12-31 01:09:22.604  INFO 9908 --- [main] o.s.b.w.embedded.tomcat.TomcatWebServer  : Tomcat started on port(s): 8080 (http) with context path ''
2018-12-31 01:09:22.610  INFO 9908 --- [main] com.tck.camunda.CamundaCamelApplication  : Started CamundaCamelApplication in 13.051 seconds (JVM running for 15.942)
2018-12-31 01:09:22.614  INFO 9908 --- [main] org.camunda.bpm.engine.jobexecutor       : ENGINE-14014 Starting up the JobExecutor[org.camunda.bpm.engine.spring.components.jobexecutor.SpringJobExecutor].
2018-12-31 01:09:22.616  INFO 9908 --- [JobExecutor[org.camunda.bpm.engine.spring.components.jobexecutor.SpringJobExecutor]] org.camunda.bpm.engine.jobexecutor       : ENGINE-14018 JobExecutor[org.camunda.bpm.engine.spring.components.jobexecutor.SpringJobExecutor] starting to acquire jobs
2018-12-31 01:10:49.630  INFO 9908 --- [Camel (camel-1) thread #1 - file://C:%5CUsers%5CUser%5Ccamunda-bpm-demo-camel] com.tck.camunda                          : Exchange[
, Id: ID-BOOK-2-1546193353753-0-1
, ExchangePattern: InOnly
, Properties: {CamelBatchComplete=true, CamelBatchIndex=0, CamelBatchSize=1, CamelCreatedTimestamp=Mon Dec 31 01:10:49 ICT 2018, CamelExternalRedelivered=false, CamelFileExchangeFile=GenericFile[C:\Users\User\camunda-bpm-demo-camel\newHeads.json], CamelMessageHistory=[DefaultMessageHistory[routeId=file, node=convertBodyTo1], DefaultMessageHistory[routeId=file, node=to1]], CamelToEndpoint=log://com.tck.camunda?level=INFO&multiline=true&showAll=true}
, Headers: {breadcrumbId=ID-BOOK-2-1546193353753-0-1, CamelFileAbsolute=true, CamelFileAbsolutePath=C:\Users\User\camunda-bpm-demo-camel\newHeads.json, CamelFileLastModified=1535313805902, CamelFileLength=103, CamelFileName=newHeads.json, CamelFileNameConsumed=newHeads.json, CamelFileNameOnly=newHeads.json, CamelFileParent=C:\Users\User\camunda-bpm-demo-camel, CamelFilePath=C:\Users\User\camunda-bpm-demo-camel\newHeads.json, CamelFileRelativePath=newHeads.json}
, BodyType: String
, Body: {  "method": "eth_subscribe",  "params": [    "newHeads"  ],  "id": 1,  "jsonrpc": "2.0"}
, Out: null: 
]
2018-12-31 01:10:49.692  INFO 9908 --- [Camel (camel-1) thread #1 - file://C:%5CUsers%5CUser%5Ccamunda-bpm-demo-camel] com.tck.camunda.routes                   : Exchange[
, Id: ID-BOOK-2-1546193353753-0-3
, ExchangePattern: InOut
, Properties: {CamelCreatedTimestamp=Mon Dec 31 01:10:49 ICT 2018, CamelExternalRedelivered=false, CamelMessageHistory=[DefaultMessageHistory[routeId=syncService, node=to3]], CamelToEndpoint=log://com.tck.camunda.routes?level=INFO&multiline=true&showAll=true, CamundaBpmProcessInstanceId=3cb4edcf-0c5e-11e9-99b0-c8f733c4eebf}
, Headers: {breadcrumbId=ID-BOOK-2-1546193353753-0-3}
, BodyType: java.util.HashMap
, Body: {camelBody?={  "method": "eth_subscribe",  "params": [    "newHeads"  ],  "id": 1,  "jsonrpc": "2.0"}}
, Out: null: 
]
2018-12-31 01:10:49.696 ERROR 9908 --- [Camel (camel-1) thread #1 - file://C:%5CUsers%5CUser%5Ccamunda-bpm-demo-camel] o.a.c.p.FatalFallbackErrorHandler        : Exception occurred while trying to handle previously thrown exception on exchangeId: ID-BOOK-2-1546193353753-0-3 using: [Channel[ThrowException]]. The previous and the new exception will be logged in the following.
2018-12-31 01:10:49.703 ERROR 9908 --- [Camel (camel-1) thread #1 - file://C:%5CUsers%5CUser%5Ccamunda-bpm-demo-camel] o.a.c.p.FatalFallbackErrorHandler        : \--> Previous exception on exchangeId: ID-BOOK-2-1546193353753-0-3

com.tck.camunda.CamundaCamelException: some error occured in service
	at com.tck.camunda.routes.MyCamelRouteBuilder$1.process(MyCamelRouteBuilder.java:46) ~[classes/:na]
	at org.apache.camel.processor.DelegateSyncProcessor.process(DelegateSyncProcessor.java:63) ~[camel-core-2.22.2.jar:2.22.2]
	at org.apache.camel.processor.RedeliveryErrorHandler.process(RedeliveryErrorHandler.java:548) [camel-core-2.22.2.jar:2.22.2]
	at org.apache.camel.processor.CamelInternalProcessor.process(CamelInternalProcessor.java:201) [camel-core-2.22.2.jar:2.22.2]
	at org.apache.camel.processor.Pipeline.process(Pipeline.java:138) [camel-core-2.22.2.jar:2.22.2]
	at org.apache.camel.processor.Pipeline.process(Pipeline.java:101) [camel-core-2.22.2.jar:2.22.2]
	at org.apache.camel.processor.CamelInternalProcessor.process(CamelInternalProcessor.java:201) [camel-core-2.22.2.jar:2.22.2]
	at org.apache.camel.component.direct.DirectBlockingProducer.process(DirectBlockingProducer.java:53) [camel-core-2.22.2.jar:2.22.2]
	at org.apache.camel.processor.SharedCamelInternalProcessor.process(SharedCamelInternalProcessor.java:186) [camel-core-2.22.2.jar:2.22.2]
	at org.apache.camel.processor.SharedCamelInternalProcessor.process(SharedCamelInternalProcessor.java:86) [camel-core-2.22.2.jar:2.22.2]
	at org.apache.camel.impl.ProducerCache$1.doInProducer(ProducerCache.java:541) [camel-core-2.22.2.jar:2.22.2]
	at org.apache.camel.impl.ProducerCache$1.doInProducer(ProducerCache.java:506) [camel-core-2.22.2.jar:2.22.2]
	at org.apache.camel.impl.ProducerCache.doInProducer(ProducerCache.java:369) [camel-core-2.22.2.jar:2.22.2]
	at org.apache.camel.impl.ProducerCache.sendExchange(ProducerCache.java:506) [camel-core-2.22.2.jar:2.22.2]
	at org.apache.camel.impl.ProducerCache.send(ProducerCache.java:213) [camel-core-2.22.2.jar:2.22.2]
	at org.apache.camel.impl.DefaultProducerTemplate.send(DefaultProducerTemplate.java:139) [camel-core-2.22.2.jar:2.22.2]
	at org.apache.camel.impl.DefaultProducerTemplate.send(DefaultProducerTemplate.java:125) [camel-core-2.22.2.jar:2.22.2]
	at org.camunda.bpm.camel.common.CamelServiceCommonImpl.sendToInternal(CamelServiceCommonImpl.java:101) [camunda-bpm-camel-common-0.7-20181211.094059-4.jar:0.7-SNAPSHOT]
	at org.camunda.bpm.camel.common.CamelServiceCommonImpl.sendTo(CamelServiceCommonImpl.java:63) [camunda-bpm-camel-common-0.7-20181211.094059-4.jar:0.7-SNAPSHOT]
	at org.camunda.bpm.camel.common.CamelServiceCommonImpl.sendTo(CamelServiceCommonImpl.java:36) [camunda-bpm-camel-common-0.7-20181211.094059-4.jar:0.7-SNAPSHOT]
	at sun.reflect.NativeMethodAccessorImpl.invoke0(Native Method) ~[na:1.8.0_172]
	at sun.reflect.NativeMethodAccessorImpl.invoke(NativeMethodAccessorImpl.java:62) ~[na:1.8.0_172]
	at sun.reflect.DelegatingMethodAccessorImpl.invoke(DelegatingMethodAccessorImpl.java:43) ~[na:1.8.0_172]
	at java.lang.reflect.Method.invoke(Method.java:498) ~[na:1.8.0_172]
	at org.camunda.bpm.engine.impl.javax.el.BeanELResolver.invoke(BeanELResolver.java:479) [camunda-engine-7.9.0.jar:7.9.0]
	at org.camunda.bpm.engine.impl.javax.el.CompositeELResolver.invoke(CompositeELResolver.java:397) [camunda-engine-7.9.0.jar:7.9.0]
	at org.camunda.bpm.engine.impl.juel.AstMethod.invoke(AstMethod.java:91) [camunda-engine-7.9.0.jar:7.9.0]
	at org.camunda.bpm.engine.impl.juel.AstMethod.eval(AstMethod.java:75) [camunda-engine-7.9.0.jar:7.9.0]
	at org.camunda.bpm.engine.impl.juel.AstEval.eval(AstEval.java:50) [camunda-engine-7.9.0.jar:7.9.0]
	at org.camunda.bpm.engine.impl.juel.AstNode.getValue(AstNode.java:26) [camunda-engine-7.9.0.jar:7.9.0]
	at org.camunda.bpm.engine.impl.juel.TreeValueExpression.getValue(TreeValueExpression.java:114) [camunda-engine-7.9.0.jar:7.9.0]
	at org.camunda.bpm.engine.impl.delegate.ExpressionGetInvocation.invoke(ExpressionGetInvocation.java:36) [camunda-engine-7.9.0.jar:7.9.0]
	at org.camunda.bpm.engine.impl.delegate.DelegateInvocation.proceed(DelegateInvocation.java:54) [camunda-engine-7.9.0.jar:7.9.0]
	at org.camunda.bpm.engine.impl.delegate.DefaultDelegateInterceptor.handleInvocationInContext(DefaultDelegateInterceptor.java:87) [camunda-engine-7.9.0.jar:7.9.0]
	at org.camunda.bpm.engine.impl.delegate.DefaultDelegateInterceptor.handleInvocation(DefaultDelegateInterceptor.java:59) [camunda-engine-7.9.0.jar:7.9.0]
	at org.camunda.bpm.engine.impl.el.JuelExpression.getValue(JuelExpression.java:55) [camunda-engine-7.9.0.jar:7.9.0]
	at org.camunda.bpm.engine.impl.el.JuelExpression.getValue(JuelExpression.java:48) [camunda-engine-7.9.0.jar:7.9.0]
	at org.camunda.bpm.engine.impl.bpmn.behavior.ServiceTaskExpressionActivityBehavior$1.call(ServiceTaskExpressionActivityBehavior.java:47) [camunda-engine-7.9.0.jar:7.9.0]
	at org.camunda.bpm.engine.impl.bpmn.behavior.ServiceTaskExpressionActivityBehavior$1.call(ServiceTaskExpressionActivityBehavior.java:43) [camunda-engine-7.9.0.jar:7.9.0]
	at org.camunda.bpm.engine.impl.bpmn.behavior.AbstractBpmnActivityBehavior.executeWithErrorPropagation(AbstractBpmnActivityBehavior.java:108) [camunda-engine-7.9.0.jar:7.9.0]
	at org.camunda.bpm.engine.impl.bpmn.behavior.ServiceTaskExpressionActivityBehavior.performExecution(ServiceTaskExpressionActivityBehavior.java:43) [camunda-engine-7.9.0.jar:7.9.0]
	at org.camunda.bpm.engine.impl.bpmn.behavior.TaskActivityBehavior.execute(TaskActivityBehavior.java:65) [camunda-engine-7.9.0.jar:7.9.0]
	at org.camunda.bpm.engine.impl.pvm.runtime.operation.PvmAtomicOperationActivityExecute$2.callback(PvmAtomicOperationActivityExecute.java:57) [camunda-engine-7.9.0.jar:7.9.0]
	at org.camunda.bpm.engine.impl.pvm.runtime.operation.PvmAtomicOperationActivityExecute$2.callback(PvmAtomicOperationActivityExecute.java:46) [camunda-engine-7.9.0.jar:7.9.0]
	at org.camunda.bpm.engine.impl.pvm.runtime.PvmExecutionImpl.continueIfExecutionDoesNotAffectNextOperation(PvmExecutionImpl.java:1965) [camunda-engine-7.9.0.jar:7.9.0]
	at org.camunda.bpm.engine.impl.pvm.runtime.operation.PvmAtomicOperationActivityExecute.execute(PvmAtomicOperationActivityExecute.java:38) [camunda-engine-7.9.0.jar:7.9.0]
	at org.camunda.bpm.engine.impl.pvm.runtime.operation.PvmAtomicOperationActivityExecute.execute(PvmAtomicOperationActivityExecute.java:27) [camunda-engine-7.9.0.jar:7.9.0]
	at org.camunda.bpm.engine.impl.interceptor.AtomicOperationInvocation.execute(AtomicOperationInvocation.java:91) [camunda-engine-7.9.0.jar:7.9.0]
	at org.camunda.bpm.engine.impl.interceptor.CommandInvocationContext.invokeNext(CommandInvocationContext.java:125) [camunda-engine-7.9.0.jar:7.9.0]
	at org.camunda.bpm.engine.impl.interceptor.CommandInvocationContext.performNext(CommandInvocationContext.java:104) [camunda-engine-7.9.0.jar:7.9.0]
	at org.camunda.bpm.engine.impl.interceptor.CommandInvocationContext.performOperation(CommandInvocationContext.java:79) [camunda-engine-7.9.0.jar:7.9.0]
	at org.camunda.bpm.engine.impl.persistence.entity.ExecutionEntity.performOperation(ExecutionEntity.java:618) [camunda-engine-7.9.0.jar:7.9.0]
	at org.camunda.bpm.engine.impl.persistence.entity.ExecutionEntity.performOperation(ExecutionEntity.java:594) [camunda-engine-7.9.0.jar:7.9.0]
	at org.camunda.bpm.engine.impl.pvm.runtime.PvmExecutionImpl$5.callback(PvmExecutionImpl.java:1904) [camunda-engine-7.9.0.jar:7.9.0]
	at org.camunda.bpm.engine.impl.pvm.runtime.PvmExecutionImpl$5.callback(PvmExecutionImpl.java:1901) [camunda-engine-7.9.0.jar:7.9.0]
	at org.camunda.bpm.engine.impl.pvm.runtime.PvmExecutionImpl.continueExecutionIfNotCanceled(PvmExecutionImpl.java:1971) [camunda-engine-7.9.0.jar:7.9.0]
	at org.camunda.bpm.engine.impl.pvm.runtime.PvmExecutionImpl.dispatchDelayedEventsAndPerformOperation(PvmExecutionImpl.java:1920) [camunda-engine-7.9.0.jar:7.9.0]
	at org.camunda.bpm.engine.impl.pvm.runtime.PvmExecutionImpl.dispatchDelayedEventsAndPerformOperation(PvmExecutionImpl.java:1901) [camunda-engine-7.9.0.jar:7.9.0]
	at org.camunda.bpm.engine.impl.pvm.runtime.operation.PvmAtomicOperationTransitionNotifyListenerStart.eventNotificationsCompleted(PvmAtomicOperationTransitionNotifyListenerStart.java:57) [camunda-engine-7.9.0.jar:7.9.0]
	at org.camunda.bpm.engine.impl.pvm.runtime.operation.PvmAtomicOperationTransitionNotifyListenerStart.eventNotificationsCompleted(PvmAtomicOperationTransitionNotifyListenerStart.java:27) [camunda-engine-7.9.0.jar:7.9.0]
	at org.camunda.bpm.engine.impl.core.operation.AbstractEventAtomicOperation.execute(AbstractEventAtomicOperation.java:65) [camunda-engine-7.9.0.jar:7.9.0]
	at org.camunda.bpm.engine.impl.interceptor.AtomicOperationInvocation.execute(AtomicOperationInvocation.java:91) [camunda-engine-7.9.0.jar:7.9.0]
	at org.camunda.bpm.engine.impl.interceptor.CommandInvocationContext.invokeNext(CommandInvocationContext.java:125) [camunda-engine-7.9.0.jar:7.9.0]
	at org.camunda.bpm.engine.impl.interceptor.CommandInvocationContext.performNext(CommandInvocationContext.java:104) [camunda-engine-7.9.0.jar:7.9.0]
	at org.camunda.bpm.engine.impl.interceptor.CommandInvocationContext.performOperation(CommandInvocationContext.java:79) [camunda-engine-7.9.0.jar:7.9.0]
	at org.camunda.bpm.engine.impl.interceptor.CommandInvocationContext.performOperation(CommandInvocationContext.java:69) [camunda-engine-7.9.0.jar:7.9.0]
	at org.camunda.bpm.engine.impl.persistence.entity.ExecutionEntity.performOperationSync(ExecutionEntity.java:629) [camunda-engine-7.9.0.jar:7.9.0]
	at org.camunda.bpm.engine.impl.persistence.entity.ExecutionEntity.performOperationSync(ExecutionEntity.java:604) [camunda-engine-7.9.0.jar:7.9.0]
	at org.camunda.bpm.engine.impl.core.operation.AbstractEventAtomicOperation.execute(AbstractEventAtomicOperation.java:58) [camunda-engine-7.9.0.jar:7.9.0]
	at org.camunda.bpm.engine.impl.interceptor.AtomicOperationInvocation.execute(AtomicOperationInvocation.java:91) [camunda-engine-7.9.0.jar:7.9.0]
	at org.camunda.bpm.engine.impl.interceptor.CommandInvocationContext.invokeNext(CommandInvocationContext.java:125) [camunda-engine-7.9.0.jar:7.9.0]
	at org.camunda.bpm.engine.impl.interceptor.CommandInvocationContext.performNext(CommandInvocationContext.java:104) [camunda-engine-7.9.0.jar:7.9.0]
	at org.camunda.bpm.engine.impl.interceptor.CommandInvocationContext.performOperation(CommandInvocationContext.java:79) [camunda-engine-7.9.0.jar:7.9.0]
	at org.camunda.bpm.engine.impl.interceptor.CommandInvocationContext.performOperation(CommandInvocationContext.java:69) [camunda-engine-7.9.0.jar:7.9.0]
	at org.camunda.bpm.engine.impl.persistence.entity.ExecutionEntity.performOperationSync(ExecutionEntity.java:629) [camunda-engine-7.9.0.jar:7.9.0]
	at org.camunda.bpm.engine.impl.persistence.entity.ExecutionEntity.performOperationSync(ExecutionEntity.java:604) [camunda-engine-7.9.0.jar:7.9.0]
	at org.camunda.bpm.engine.impl.core.operation.AbstractEventAtomicOperation.execute(AbstractEventAtomicOperation.java:58) [camunda-engine-7.9.0.jar:7.9.0]
	at org.camunda.bpm.engine.impl.interceptor.AtomicOperationInvocation.execute(AtomicOperationInvocation.java:91) [camunda-engine-7.9.0.jar:7.9.0]
	at org.camunda.bpm.engine.impl.interceptor.CommandInvocationContext.invokeNext(CommandInvocationContext.java:125) [camunda-engine-7.9.0.jar:7.9.0]
	at org.camunda.bpm.engine.impl.interceptor.CommandInvocationContext.performNext(CommandInvocationContext.java:104) [camunda-engine-7.9.0.jar:7.9.0]
	at org.camunda.bpm.engine.impl.interceptor.CommandInvocationContext.performOperation(CommandInvocationContext.java:79) [camunda-engine-7.9.0.jar:7.9.0]
	at org.camunda.bpm.engine.impl.persistence.entity.ExecutionEntity.performOperation(ExecutionEntity.java:618) [camunda-engine-7.9.0.jar:7.9.0]
	at org.camunda.bpm.engine.impl.persistence.entity.ExecutionEntity.performOperation(ExecutionEntity.java:594) [camunda-engine-7.9.0.jar:7.9.0]
	at org.camunda.bpm.engine.impl.pvm.runtime.operation.PvmAtomicOperationTransitionCreateScope.scopeCreated(PvmAtomicOperationTransitionCreateScope.java:34) [camunda-engine-7.9.0.jar:7.9.0]
	at org.camunda.bpm.engine.impl.pvm.runtime.operation.PvmAtomicOperationCreateScope.execute(PvmAtomicOperationCreateScope.java:50) [camunda-engine-7.9.0.jar:7.9.0]
	at org.camunda.bpm.engine.impl.pvm.runtime.operation.PvmAtomicOperationCreateScope.execute(PvmAtomicOperationCreateScope.java:24) [camunda-engine-7.9.0.jar:7.9.0]
	at org.camunda.bpm.engine.impl.interceptor.AtomicOperationInvocation.execute(AtomicOperationInvocation.java:91) [camunda-engine-7.9.0.jar:7.9.0]
	at org.camunda.bpm.engine.impl.interceptor.CommandInvocationContext.invokeNext(CommandInvocationContext.java:125) [camunda-engine-7.9.0.jar:7.9.0]
	at org.camunda.bpm.engine.impl.interceptor.CommandInvocationContext.performNext(CommandInvocationContext.java:112) [camunda-engine-7.9.0.jar:7.9.0]
	at org.camunda.bpm.engine.impl.interceptor.CommandInvocationContext$1.call(CommandInvocationContext.java:95) [camunda-engine-7.9.0.jar:7.9.0]
	at org.camunda.bpm.engine.impl.interceptor.CommandInvocationContext$1.call(CommandInvocationContext.java:93) [camunda-engine-7.9.0.jar:7.9.0]
	at org.camunda.bpm.engine.impl.context.ProcessApplicationClassloaderInterceptor.call(ProcessApplicationClassloaderInterceptor.java:44) [camunda-engine-7.9.0.jar:7.9.0]
	at org.camunda.bpm.application.AbstractProcessApplication.execute(AbstractProcessApplication.java:114) [camunda-engine-7.9.0.jar:7.9.0]
	at org.camunda.bpm.application.AbstractProcessApplication.execute(AbstractProcessApplication.java:125) [camunda-engine-7.9.0.jar:7.9.0]
	at org.camunda.bpm.engine.impl.context.Context.executeWithinProcessApplication(Context.java:192) [camunda-engine-7.9.0.jar:7.9.0]
	at org.camunda.bpm.engine.impl.interceptor.CommandInvocationContext.performNext(CommandInvocationContext.java:93) [camunda-engine-7.9.0.jar:7.9.0]
	at org.camunda.bpm.engine.impl.interceptor.CommandInvocationContext.performOperation(CommandInvocationContext.java:79) [camunda-engine-7.9.0.jar:7.9.0]
	at org.camunda.bpm.engine.impl.persistence.entity.ExecutionEntity.performOperation(ExecutionEntity.java:618) [camunda-engine-7.9.0.jar:7.9.0]
	at org.camunda.bpm.engine.impl.persistence.entity.ExecutionEntity.performOperation(ExecutionEntity.java:594) [camunda-engine-7.9.0.jar:7.9.0]
	at org.camunda.bpm.engine.impl.pvm.runtime.PvmExecutionImpl.start(PvmExecutionImpl.java:237) [camunda-engine-7.9.0.jar:7.9.0]
	at org.camunda.bpm.engine.impl.persistence.entity.ExecutionEntity.start(ExecutionEntity.java:431) [camunda-engine-7.9.0.jar:7.9.0]
	at org.camunda.bpm.engine.impl.cmd.StartProcessInstanceCmd.execute(StartProcessInstanceCmd.java:59) [camunda-engine-7.9.0.jar:7.9.0]
	at org.camunda.bpm.engine.impl.cmd.StartProcessInstanceCmd.execute(StartProcessInstanceCmd.java:31) [camunda-engine-7.9.0.jar:7.9.0]
	at org.camunda.bpm.engine.impl.interceptor.CommandExecutorImpl.execute(CommandExecutorImpl.java:24) [camunda-engine-7.9.0.jar:7.9.0]
	at org.camunda.bpm.engine.impl.interceptor.CommandContextInterceptor.execute(CommandContextInterceptor.java:104) [camunda-engine-7.9.0.jar:7.9.0]
	at org.camunda.bpm.engine.spring.SpringTransactionInterceptor$1.doInTransaction(SpringTransactionInterceptor.java:42) [camunda-engine-spring-7.9.0.jar:7.9.0]
	at org.springframework.transaction.support.TransactionTemplate.execute(TransactionTemplate.java:140) [spring-tx-5.0.6.RELEASE.jar:5.0.6.RELEASE]
	at org.camunda.bpm.engine.spring.SpringTransactionInterceptor.execute(SpringTransactionInterceptor.java:40) [camunda-engine-spring-7.9.0.jar:7.9.0]
	at org.camunda.bpm.engine.impl.interceptor.ProcessApplicationContextInterceptor.execute(ProcessApplicationContextInterceptor.java:66) [camunda-engine-7.9.0.jar:7.9.0]
	at org.camunda.bpm.engine.impl.interceptor.LogInterceptor.execute(LogInterceptor.java:30) [camunda-engine-7.9.0.jar:7.9.0]
	at org.camunda.bpm.engine.impl.ProcessInstantiationBuilderImpl.executeWithVariablesInReturn(ProcessInstantiationBuilderImpl.java:162) [camunda-engine-7.9.0.jar:7.9.0]
	at org.camunda.bpm.engine.impl.ProcessInstantiationBuilderImpl.execute(ProcessInstantiationBuilderImpl.java:128) [camunda-engine-7.9.0.jar:7.9.0]
	at org.camunda.bpm.engine.impl.ProcessInstantiationBuilderImpl.execute(ProcessInstantiationBuilderImpl.java:124) [camunda-engine-7.9.0.jar:7.9.0]
	at org.camunda.bpm.engine.impl.RuntimeServiceImpl.startProcessInstanceByKey(RuntimeServiceImpl.java:101) [camunda-engine-7.9.0.jar:7.9.0]
	at org.camunda.bpm.camel.component.producer.StartProcessProducer.process(StartProcessProducer.java:74) [camunda-bpm-camel-common-0.7-20181211.094059-4.jar:0.7-SNAPSHOT]
	at org.apache.camel.util.AsyncProcessorConverterHelper$ProcessorToAsyncProcessorBridge.process(AsyncProcessorConverterHelper.java:61) [camel-core-2.22.2.jar:2.22.2]
	at org.apache.camel.processor.SendProcessor.process(SendProcessor.java:148) [camel-core-2.22.2.jar:2.22.2]
	at org.apache.camel.processor.RedeliveryErrorHandler.process(RedeliveryErrorHandler.java:548) [camel-core-2.22.2.jar:2.22.2]
	at org.apache.camel.processor.CamelInternalProcessor.process(CamelInternalProcessor.java:201) [camel-core-2.22.2.jar:2.22.2]
	at org.apache.camel.processor.Pipeline.process(Pipeline.java:138) [camel-core-2.22.2.jar:2.22.2]
	at org.apache.camel.processor.Pipeline.process(Pipeline.java:101) [camel-core-2.22.2.jar:2.22.2]
	at org.apache.camel.processor.CamelInternalProcessor.process(CamelInternalProcessor.java:201) [camel-core-2.22.2.jar:2.22.2]
	at org.apache.camel.component.file.GenericFileConsumer.processExchange(GenericFileConsumer.java:454) [camel-core-2.22.2.jar:2.22.2]
	at org.apache.camel.component.file.GenericFileConsumer.processBatch(GenericFileConsumer.java:223) [camel-core-2.22.2.jar:2.22.2]
	at org.apache.camel.component.file.GenericFileConsumer.poll(GenericFileConsumer.java:187) [camel-core-2.22.2.jar:2.22.2]
	at org.apache.camel.impl.ScheduledPollConsumer.doRun(ScheduledPollConsumer.java:174) [camel-core-2.22.2.jar:2.22.2]
	at org.apache.camel.impl.ScheduledPollConsumer.run(ScheduledPollConsumer.java:101) [camel-core-2.22.2.jar:2.22.2]
	at java.util.concurrent.Executors$RunnableAdapter.call(Executors.java:511) [na:1.8.0_172]
	at java.util.concurrent.FutureTask.runAndReset(FutureTask.java:308) [na:1.8.0_172]
	at java.util.concurrent.ScheduledThreadPoolExecutor$ScheduledFutureTask.access$301(ScheduledThreadPoolExecutor.java:180) [na:1.8.0_172]
	at java.util.concurrent.ScheduledThreadPoolExecutor$ScheduledFutureTask.run(ScheduledThreadPoolExecutor.java:294) [na:1.8.0_172]
	at java.util.concurrent.ThreadPoolExecutor.runWorker(ThreadPoolExecutor.java:1149) [na:1.8.0_172]
	at java.util.concurrent.ThreadPoolExecutor$Worker.run(ThreadPoolExecutor.java:624) [na:1.8.0_172]
	at java.lang.Thread.run(Thread.java:748) [na:1.8.0_172]

2018-12-31 01:10:49.709 ERROR 9908 --- [Camel (camel-1) thread #1 - file://C:%5CUsers%5CUser%5Ccamunda-bpm-demo-camel] o.a.c.p.FatalFallbackErrorHandler        : \--> New exception on exchangeId: ID-BOOK-2-1546193353753-0-3

org.camunda.bpm.engine.delegate.BpmnError: null
	at com.tck.camunda.routes.MyCamelRouteBuilder.configure(MyCamelRouteBuilder.java:36) ~[classes/:na]
	at org.apache.camel.builder.RouteBuilder.checkInitialized(RouteBuilder.java:462) ~[camel-core-2.22.2.jar:2.22.2]
	at org.apache.camel.builder.RouteBuilder.configureRoutes(RouteBuilder.java:402) ~[camel-core-2.22.2.jar:2.22.2]
	at org.apache.camel.builder.RouteBuilder.addRoutesToCamelContext(RouteBuilder.java:383) ~[camel-core-2.22.2.jar:2.22.2]
	at org.apache.camel.impl.DefaultCamelContext$1.call(DefaultCamelContext.java:1029) ~[camel-core-2.22.2.jar:2.22.2]
	at org.apache.camel.impl.DefaultCamelContext$1.call(DefaultCamelContext.java:1026) ~[camel-core-2.22.2.jar:2.22.2]
	at org.apache.camel.impl.DefaultCamelContext.doWithDefinedClassLoader(DefaultCamelContext.java:3272) ~[camel-core-2.22.2.jar:2.22.2]
	at org.apache.camel.impl.DefaultCamelContext.addRoutes(DefaultCamelContext.java:1026) ~[camel-core-2.22.2.jar:2.22.2]
	at org.apache.camel.spring.boot.RoutesCollector.onApplicationEvent(RoutesCollector.java:131) ~[camel-spring-boot-2.22.2.jar:2.22.2]
	at org.apache.camel.spring.boot.RoutesCollector.onApplicationEvent(RoutesCollector.java:57) ~[camel-spring-boot-2.22.2.jar:2.22.2]
	at org.springframework.context.event.SimpleApplicationEventMulticaster.doInvokeListener(SimpleApplicationEventMulticaster.java:172) ~[spring-context-5.0.6.RELEASE.jar:5.0.6.RELEASE]
	at org.springframework.context.event.SimpleApplicationEventMulticaster.invokeListener(SimpleApplicationEventMulticaster.java:165) ~[spring-context-5.0.6.RELEASE.jar:5.0.6.RELEASE]
	at org.springframework.context.event.SimpleApplicationEventMulticaster.multicastEvent(SimpleApplicationEventMulticaster.java:139) ~[spring-context-5.0.6.RELEASE.jar:5.0.6.RELEASE]
	at org.springframework.context.support.AbstractApplicationContext.publishEvent(AbstractApplicationContext.java:400) ~[spring-context-5.0.6.RELEASE.jar:5.0.6.RELEASE]
	at org.springframework.context.support.AbstractApplicationContext.publishEvent(AbstractApplicationContext.java:354) ~[spring-context-5.0.6.RELEASE.jar:5.0.6.RELEASE]
	at org.springframework.context.support.AbstractApplicationContext.finishRefresh(AbstractApplicationContext.java:888) ~[spring-context-5.0.6.RELEASE.jar:5.0.6.RELEASE]
	at org.springframework.boot.web.servlet.context.ServletWebServerApplicationContext.finishRefresh(ServletWebServerApplicationContext.java:161) ~[spring-boot-2.0.2.RELEASE.jar:2.0.2.RELEASE]
	at org.springframework.context.support.AbstractApplicationContext.refresh(AbstractApplicationContext.java:553) ~[spring-context-5.0.6.RELEASE.jar:5.0.6.RELEASE]
	at org.springframework.boot.web.servlet.context.ServletWebServerApplicationContext.refresh(ServletWebServerApplicationContext.java:140) ~[spring-boot-2.0.2.RELEASE.jar:2.0.2.RELEASE]
	at org.springframework.boot.SpringApplication.refresh(SpringApplication.java:759) ~[spring-boot-2.0.2.RELEASE.jar:2.0.2.RELEASE]
	at org.springframework.boot.SpringApplication.refreshContext(SpringApplication.java:395) ~[spring-boot-2.0.2.RELEASE.jar:2.0.2.RELEASE]
	at org.springframework.boot.SpringApplication.run(SpringApplication.java:327) ~[spring-boot-2.0.2.RELEASE.jar:2.0.2.RELEASE]
	at org.springframework.boot.SpringApplication.run(SpringApplication.java:1255) ~[spring-boot-2.0.2.RELEASE.jar:2.0.2.RELEASE]
	at org.springframework.boot.SpringApplication.run(SpringApplication.java:1243) ~[spring-boot-2.0.2.RELEASE.jar:2.0.2.RELEASE]
	at com.tck.camunda.CamundaCamelApplication.main(CamundaCamelApplication.java:12) ~[classes/:na]

2018-12-31 01:13:35.432  INFO 6184 --- [main] com.tck.camunda.CamundaCamelApplication  : Starting CamundaCamelApplication on BOOK-2 with PID 6184 (C:\IdeaProjects\testCamelCamundaBoundary\target\classes started by User in C:\IdeaProjects\testCamelCamundaBoundary)
2018-12-31 01:13:35.437  INFO 6184 --- [main] com.tck.camunda.CamundaCamelApplication  : The following profiles are active: dev
2018-12-31 01:13:35.845  INFO 6184 --- [main] ConfigServletWebServerApplicationContext : Refreshing org.springframework.boot.web.servlet.context.AnnotationConfigServletWebServerApplicationContext@55b53d44: startup date [Mon Dec 31 01:13:35 ICT 2018]; root of context hierarchy
2018-12-31 01:13:36.662  INFO 6184 --- [main] o.s.b.f.s.DefaultListableBeanFactory     : Overriding bean definition for bean 'requestContextFilter' with a different definition: replacing [Root bean: class [null]; scope=; abstract=false; lazyInit=false; autowireMode=3; dependencyCheck=0; autowireCandidate=true; primary=false; factoryBeanName=org.springframework.boot.autoconfigure.jersey.JerseyAutoConfiguration; factoryMethodName=requestContextFilter; initMethodName=null; destroyMethodName=(inferred); defined in class path resource [org/springframework/boot/autoconfigure/jersey/JerseyAutoConfiguration.class]] with [Root bean: class [org.springframework.boot.autoconfigure.web.servlet.WebMvcAutoConfiguration$WebMvcAutoConfigurationAdapter]; scope=; abstract=false; lazyInit=false; autowireMode=3; dependencyCheck=0; autowireCandidate=true; primary=false; factoryBeanName=null; factoryMethodName=requestContextFilter; initMethodName=null; destroyMethodName=(inferred); defined in class path resource [org/springframework/boot/autoconfigure/web/servlet/WebMvcAutoConfiguration$WebMvcAutoConfigurationAdapter.class]]
2018-12-31 01:13:37.344  INFO 6184 --- [main] f.a.AutowiredAnnotationBeanPostProcessor : JSR-330 'javax.inject.Inject' annotation found and supported for autowiring
2018-12-31 01:13:37.478  INFO 6184 --- [main] trationDelegate$BeanPostProcessorChecker : Bean 'org.apache.camel.spring.boot.CamelAutoConfiguration' of type [org.apache.camel.spring.boot.CamelAutoConfiguration$$EnhancerBySpringCGLIB$$6de9a39f] is not eligible for getting processed by all BeanPostProcessors (for example: not eligible for auto-proxying)
2018-12-31 01:13:37.490  INFO 6184 --- [main] trationDelegate$BeanPostProcessorChecker : Bean 'org.springframework.transaction.annotation.ProxyTransactionManagementConfiguration' of type [org.springframework.transaction.annotation.ProxyTransactionManagementConfiguration$$EnhancerBySpringCGLIB$$4bbfdd80] is not eligible for getting processed by all BeanPostProcessors (for example: not eligible for auto-proxying)
2018-12-31 01:13:37.885  INFO 6184 --- [main] o.s.b.w.embedded.tomcat.TomcatWebServer  : Tomcat initialized with port(s): 8080 (http)
2018-12-31 01:13:37.914  INFO 6184 --- [main] o.apache.catalina.core.StandardService   : Starting service [Tomcat]
2018-12-31 01:13:37.915  INFO 6184 --- [main] org.apache.catalina.core.StandardEngine  : Starting Servlet Engine: Apache Tomcat/8.5.31
2018-12-31 01:13:37.921  INFO 6184 --- [localhost-startStop-1] o.a.catalina.core.AprLifecycleListener   : The APR based Apache Tomcat Native library which allows optimal performance in production environments was not found on the java.library.path: [C:\Program Files\Java\jdk1.8.0_172\bin;C:\Windows\Sun\Java\bin;C:\Windows\system32;C:\Windows;c:\Program Files (x86)\Intel\iCLS Client\;c:\Program Files\Intel\iCLS Client\;C:\Windows\system32;C:\Windows;C:\Windows\System32\Wbem;C:\Windows\System32\WindowsPowerShell\v1.0\;C:\Program Files\Intel\Intel(R) Management Engine Components\DAL;C:\Program Files\Intel\Intel(R) Management Engine Components\IPT;C:\Program Files (x86)\Intel\Intel(R) Management Engine Components\DAL;C:\Program Files (x86)\Intel\Intel(R) Management Engine Components\IPT;C:\Program Files (x86)\Kaspersky Lab\Kaspersky Endpoint Security 10 for Windows SP2\;C:\Program Files\Git\cmd;C:\Program Files (x86)\Bitvise SSH Client;C:\Program Files\PuTTY\;C:\Program Files (x86)\OpenVPN\bin;C:\Program Files\Java\jdk1.8.0_172\jre\bin;C:\apache-maven-3.5.3\bin;.]
2018-12-31 01:13:38.220  INFO 6184 --- [localhost-startStop-1] o.a.c.c.C.[Tomcat].[localhost].[/]       : Initializing Spring embedded WebApplicationContext
2018-12-31 01:13:38.221  INFO 6184 --- [localhost-startStop-1] o.s.web.context.ContextLoader            : Root WebApplicationContext: initialization completed in 2376 ms
2018-12-31 01:13:38.277  INFO 6184 --- [localhost-startStop-1] .c.b.s.b.s.r.CamundaJerseyResourceConfig : Configuring camunda rest api.
2018-12-31 01:13:38.302  INFO 6184 --- [localhost-startStop-1] .c.b.s.b.s.r.CamundaJerseyResourceConfig : Finished configuring camunda rest api.
2018-12-31 01:13:38.747  INFO 6184 --- [localhost-startStop-1] o.s.b.w.servlet.ServletRegistrationBean  : Servlet org.camunda.bpm.spring.boot.starter.rest.CamundaJerseyResourceConfig mapped to [/rest/*]
2018-12-31 01:13:38.749  INFO 6184 --- [localhost-startStop-1] o.s.b.w.servlet.ServletRegistrationBean  : Servlet dispatcherServlet mapped to [/]
2018-12-31 01:13:38.759  INFO 6184 --- [localhost-startStop-1] o.s.b.w.servlet.FilterRegistrationBean   : Mapping filter: 'characterEncodingFilter' to: [/*]
2018-12-31 01:13:38.759  INFO 6184 --- [localhost-startStop-1] o.s.b.w.servlet.FilterRegistrationBean   : Mapping filter: 'hiddenHttpMethodFilter' to: [/*]
2018-12-31 01:13:38.759  INFO 6184 --- [localhost-startStop-1] o.s.b.w.servlet.FilterRegistrationBean   : Mapping filter: 'httpPutFormContentFilter' to: [/*]
2018-12-31 01:13:38.759  INFO 6184 --- [localhost-startStop-1] o.s.b.w.servlet.FilterRegistrationBean   : Mapping filter: 'requestContextFilter' to: [/*]
2018-12-31 01:13:38.975  INFO 6184 --- [main] o.a.c.i.converter.DefaultTypeConverter   : Type converters loaded (core: 195, classpath: 1)
2018-12-31 01:13:39.423  INFO 6184 --- [main] org.camunda.bpm.spring.boot              : STARTER-SB040 Setting up jobExecutor with corePoolSize=3, maxPoolSize:10
2018-12-31 01:13:39.431  INFO 6184 --- [main] o.s.s.concurrent.ThreadPoolTaskExecutor  : Initializing ExecutorService  'camundaTaskExecutor'
2018-12-31 01:13:39.651  INFO 6184 --- [main] org.camunda.bpm.engine.cfg               : ENGINE-12003 Plugin 'CompositeProcessEnginePlugin[genericPropertiesConfiguration, camundaProcessEngineConfiguration, camundaDatasourceConfiguration, camundaJobConfiguration, camundaHistoryConfiguration, camundaMetricsConfiguration, camundaAuthorizationConfiguration, CreateAdminUserConfiguration[adminUser=AdminUserProperty[id=demo, firstName=Demo, lastName=Demo, email=demo@localhost, password=demo]], failedJobConfiguration, historyLevelAutoConfiguration, disableDeploymentResourcePattern, SpinProcessEnginePlugin]' activated on process engine 'default'
2018-12-31 01:13:39.664  INFO 6184 --- [main] com.zaxxer.hikari.HikariDataSource       : HikariPool-1 - Starting...
2018-12-31 01:13:39.766  INFO 6184 --- [main] com.zaxxer.hikari.HikariDataSource       : HikariPool-1 - Start completed.
2018-12-31 01:13:39.787  INFO 6184 --- [main] org.camunda.bpm.spring.boot              : STARTER-SB020 ProcessApplication enabled: autoDeployment via springConfiguration#deploymentResourcePattern is disabled
2018-12-31 01:13:39.795  INFO 6184 --- [main] org.camunda.spin                         : SPIN-01010 Discovered Spin data format provider: org.camunda.spin.impl.json.jackson.format.JacksonJsonDataFormatProvider[name = application/json]
2018-12-31 01:13:40.002  INFO 6184 --- [main] org.camunda.spin                         : SPIN-01010 Discovered Spin data format provider: org.camunda.spin.impl.xml.dom.format.DomXmlDataFormatProvider[name = application/xml]
2018-12-31 01:13:40.007  INFO 6184 --- [main] org.camunda.spin                         : SPIN-01009 Discovered Spin data format: org.camunda.spin.impl.xml.dom.format.DomXmlDataFormat[name = application/xml]
2018-12-31 01:13:40.007  INFO 6184 --- [main] org.camunda.spin                         : SPIN-01009 Discovered Spin data format: org.camunda.spin.impl.json.jackson.format.JacksonJsonDataFormat[name = application/json]
2018-12-31 01:13:44.425  INFO 6184 --- [main] org.camunda.bpm.engine                   : ENGINE-00001 Process Engine default created.
2018-12-31 01:13:44.463  INFO 6184 --- [main] org.camunda.bpm.spring.boot              : STARTER-SB011 skip creating initital Admin User, user does exist: UserEntity[id=demo, revision=1, firstName=Demo, lastName=Demo, email=demo@localhost, password={SHA-512}1gQYaos7xUap5wBbLkvc65purkbgShyp3PU9NJhX57Kz4vuBu/1A597c+LZ9PrNHybJJtq47TYOoTKMShH2VnA==, salt=MWmy1S+aQM+p6FQH8Aq9MA==, lockExpirationTime=null, attempts=0]
2018-12-31 01:13:44.731  INFO 6184 --- [main] o.s.w.s.handler.SimpleUrlHandlerMapping  : Mapped URL path [/**/favicon.ico] onto handler of type [class org.springframework.web.servlet.resource.ResourceHttpRequestHandler]
2018-12-31 01:13:44.881  INFO 6184 --- [main] s.w.s.m.m.a.RequestMappingHandlerAdapter : Looking for @ControllerAdvice: org.springframework.boot.web.servlet.context.AnnotationConfigServletWebServerApplicationContext@55b53d44: startup date [Mon Dec 31 01:13:35 ICT 2018]; root of context hierarchy
2018-12-31 01:13:44.955  INFO 6184 --- [main] s.w.s.m.m.a.RequestMappingHandlerMapping : Mapped "{[/error]}" onto public org.springframework.http.ResponseEntity<java.util.Map<java.lang.String, java.lang.Object>> org.springframework.boot.autoconfigure.web.servlet.error.BasicErrorController.error(javax.servlet.http.HttpServletRequest)
2018-12-31 01:13:44.957  INFO 6184 --- [main] s.w.s.m.m.a.RequestMappingHandlerMapping : Mapped "{[/error],produces=[text/html]}" onto public org.springframework.web.servlet.ModelAndView org.springframework.boot.autoconfigure.web.servlet.error.BasicErrorController.errorHtml(javax.servlet.http.HttpServletRequest,javax.servlet.http.HttpServletResponse)
2018-12-31 01:13:44.996  INFO 6184 --- [main] o.s.w.s.handler.SimpleUrlHandlerMapping  : Mapped URL path [/webjars/**] onto handler of type [class org.springframework.web.servlet.resource.ResourceHttpRequestHandler]
2018-12-31 01:13:44.996  INFO 6184 --- [main] o.s.w.s.handler.SimpleUrlHandlerMapping  : Mapped URL path [/**] onto handler of type [class org.springframework.web.servlet.resource.ResourceHttpRequestHandler]
2018-12-31 01:13:44.996  INFO 6184 --- [main] o.s.w.s.handler.SimpleUrlHandlerMapping  : Mapped URL path [/lib/**] onto handler of type [class org.springframework.web.servlet.resource.ResourceHttpRequestHandler]
2018-12-31 01:13:44.996  INFO 6184 --- [main] o.s.w.s.handler.SimpleUrlHandlerMapping  : Mapped URL path [/api/**] onto handler of type [class org.springframework.web.servlet.resource.ResourceHttpRequestHandler]
2018-12-31 01:13:44.996  INFO 6184 --- [main] o.s.w.s.handler.SimpleUrlHandlerMapping  : Mapped URL path [/app/**] onto handler of type [class org.springframework.web.servlet.resource.ResourceHttpRequestHandler]
2018-12-31 01:13:45.077  INFO 6184 --- [main] o.s.b.a.w.s.WelcomePageHandlerMapping    : Adding welcome page: class path resource [META-INF/resources/index.html]
2018-12-31 01:13:45.542  INFO 6184 --- [main] o.c.b.s.b.s.w.f.LazyInitRegistration     : lazy initialized org.camunda.bpm.spring.boot.starter.webapp.filter.LazyProcessEnginesFilter@7b95e193
2018-12-31 01:13:45.603  INFO 6184 --- [main] o.c.b.s.b.s.w.f.LazyInitRegistration     : lazy initialized org.camunda.bpm.spring.boot.starter.webapp.filter.LazySecurityFilter@26c85e14
2018-12-31 01:13:46.067  INFO 6184 --- [main] o.s.j.e.a.AnnotationMBeanExporter        : Registering beans for JMX exposure on startup
2018-12-31 01:13:46.068  INFO 6184 --- [main] o.s.j.e.a.AnnotationMBeanExporter        : Bean with name 'dataSource' has been autodetected for JMX exposure
2018-12-31 01:13:46.081  INFO 6184 --- [main] o.s.j.e.a.AnnotationMBeanExporter        : Located MBean 'dataSource': registering with JMX server as MBean [com.zaxxer.hikari:name=dataSource,type=HikariDataSource]
2018-12-31 01:13:46.090  INFO 6184 --- [main] c.t.camunda.routes.MyCamelRouteBuilder   : =======================
2018-12-31 01:13:46.091  INFO 6184 --- [main] c.t.camunda.routes.MyCamelRouteBuilder   : Configuring Routes
2018-12-31 01:13:46.116  INFO 6184 --- [main] o.a.camel.spring.boot.RoutesCollector    : Loading additional Camel XML routes from: classpath:camel/*.xml
2018-12-31 01:13:46.117  INFO 6184 --- [main] o.a.camel.spring.boot.RoutesCollector    : Loading additional Camel XML rests from: classpath:camel-rest/*.xml
2018-12-31 01:13:46.127  INFO 6184 --- [main] o.a.camel.spring.SpringCamelContext      : Apache Camel 2.22.2 (CamelContext: camel-1) is starting
2018-12-31 01:13:46.129  INFO 6184 --- [main] o.a.camel.spring.SpringCamelContext      : StreamCaching is enabled on CamelContext: camel-1
2018-12-31 01:13:46.129  INFO 6184 --- [main] o.a.c.m.ManagedManagementStrategy        : JMX is enabled
2018-12-31 01:13:46.907  INFO 6184 --- [main] o.a.c.impl.DefaultStreamCachingStrategy  : StreamCaching in use with spool directory: C:\Users\User\AppData\Local\Temp\camel\camel-tmp-89a3ec15-c6f2-4cc3-82fa-c047960befc7 and rules: [Spool > 128K body size]
2018-12-31 01:13:47.024  INFO 6184 --- [main] o.a.camel.spring.SpringCamelContext      : Route: file started and consuming from: file://C:%5CUsers%5CUser%5Ccamunda-bpm-demo-camel
2018-12-31 01:13:47.027  INFO 6184 --- [main] o.a.camel.spring.SpringCamelContext      : Route: syncService started and consuming from: direct://syncService
2018-12-31 01:13:47.027  INFO 6184 --- [main] o.a.camel.spring.SpringCamelContext      : Total 2 routes, of which 2 are started
2018-12-31 01:13:47.028  INFO 6184 --- [main] o.a.camel.spring.SpringCamelContext      : Apache Camel 2.22.2 (CamelContext: camel-1) started in 0.900 seconds
2018-12-31 01:13:47.050  INFO 6184 --- [main] org.camunda.bpm.container                : ENGINE-08024 Found processes.xml file at file:/C:/IdeaProjects/testCamelCamundaBoundary/target/classes/META-INF/processes.xml
2018-12-31 01:13:47.052  INFO 6184 --- [main] org.camunda.bpm.container                : ENGINE-08025 Detected empty processes.xml file, using default values
2018-12-31 01:13:47.060  INFO 6184 --- [main] org.camunda.bpm.container                : ENGINE-08023 Deployment summary for process archive 'camundaCamelApplication': 

        bpmn/testBoundaryEventWithCamel.bpmn

2018-12-31 01:13:47.509  INFO 6184 --- [main] org.camunda.bpm.application              : ENGINE-07021 ProcessApplication 'camundaCamelApplication' registered for DB deployments [08aff92c-0c5e-11e9-99b0-c8f733c4eebf]. Will execute process definitions 

        camundaCamel[version: 1, id: camundaCamel:1:08c99bae-0c5e-11e9-99b0-c8f733c4eebf]
Deployment does not provide any case definitions.
2018-12-31 01:13:47.519  INFO 6184 --- [main] org.camunda.bpm.container                : ENGINE-08050 Process application camundaCamelApplication successfully deployed
2018-12-31 01:13:47.556  INFO 6184 --- [main] o.s.b.w.embedded.tomcat.TomcatWebServer  : Tomcat started on port(s): 8080 (http) with context path ''
2018-12-31 01:13:47.562  INFO 6184 --- [main] com.tck.camunda.CamundaCamelApplication  : Started CamundaCamelApplication in 13.629 seconds (JVM running for 15.175)
2018-12-31 01:13:47.566  INFO 6184 --- [main] org.camunda.bpm.engine.jobexecutor       : ENGINE-14014 Starting up the JobExecutor[org.camunda.bpm.engine.spring.components.jobexecutor.SpringJobExecutor].
2018-12-31 01:13:47.569  INFO 6184 --- [JobExecutor[org.camunda.bpm.engine.spring.components.jobexecutor.SpringJobExecutor]] org.camunda.bpm.engine.jobexecutor       : ENGINE-14018 JobExecutor[org.camunda.bpm.engine.spring.components.jobexecutor.SpringJobExecutor] starting to acquire jobs
2018-12-31 01:14:51.291  INFO 6184 --- [Camel (camel-1) thread #1 - file://C:%5CUsers%5CUser%5Ccamunda-bpm-demo-camel] com.tck.camunda                          : Exchange[
, Id: ID-BOOK-2-1546193618858-0-1
, ExchangePattern: InOnly
, Properties: {CamelBatchComplete=true, CamelBatchIndex=0, CamelBatchSize=1, CamelCreatedTimestamp=Mon Dec 31 01:14:51 ICT 2018, CamelExternalRedelivered=false, CamelFileExchangeFile=GenericFile[C:\Users\User\camunda-bpm-demo-camel\newHeads.json], CamelMessageHistory=[DefaultMessageHistory[routeId=file, node=convertBodyTo1], DefaultMessageHistory[routeId=file, node=to1]], CamelToEndpoint=log://com.tck.camunda?level=INFO&multiline=true&showAll=true}
, Headers: {breadcrumbId=ID-BOOK-2-1546193618858-0-1, CamelFileAbsolute=true, CamelFileAbsolutePath=C:\Users\User\camunda-bpm-demo-camel\newHeads.json, CamelFileLastModified=1535313805902, CamelFileLength=103, CamelFileName=newHeads.json, CamelFileNameConsumed=newHeads.json, CamelFileNameOnly=newHeads.json, CamelFileParent=C:\Users\User\camunda-bpm-demo-camel, CamelFilePath=C:\Users\User\camunda-bpm-demo-camel\newHeads.json, CamelFileRelativePath=newHeads.json}
, BodyType: String
, Body: {  "method": "eth_subscribe",  "params": [    "newHeads"  ],  "id": 1,  "jsonrpc": "2.0"}
, Out: null: 
]
2018-12-31 01:14:51.415  INFO 6184 --- [Camel (camel-1) thread #1 - file://C:%5CUsers%5CUser%5Ccamunda-bpm-demo-camel] com.tck.camunda.routes                   : Exchange[
, Id: ID-BOOK-2-1546193618858-0-3
, ExchangePattern: InOut
, Properties: {CamelCreatedTimestamp=Mon Dec 31 01:14:51 ICT 2018, CamelExternalRedelivered=false, CamelMessageHistory=[DefaultMessageHistory[routeId=syncService, node=to3]], CamelToEndpoint=log://com.tck.camunda.routes?level=INFO&multiline=true&showAll=true, CamundaBpmProcessInstanceId=cccac2df-0c5e-11e9-8bd7-c8f733c4eebf}
, Headers: {breadcrumbId=ID-BOOK-2-1546193618858-0-3}
, BodyType: java.util.HashMap
, Body: {camelBody?={  "method": "eth_subscribe",  "params": [    "newHeads"  ],  "id": 1,  "jsonrpc": "2.0"}}
, Out: null: 
]
2018-12-31 01:14:51.419 ERROR 6184 --- [Camel (camel-1) thread #1 - file://C:%5CUsers%5CUser%5Ccamunda-bpm-demo-camel] o.a.c.p.FatalFallbackErrorHandler        : Exception occurred while trying to handle previously thrown exception on exchangeId: ID-BOOK-2-1546193618858-0-3 using: [Channel[ThrowException]]. The previous and the new exception will be logged in the following.
2018-12-31 01:14:51.424 ERROR 6184 --- [Camel (camel-1) thread #1 - file://C:%5CUsers%5CUser%5Ccamunda-bpm-demo-camel] o.a.c.p.FatalFallbackErrorHandler        : \--> Previous exception on exchangeId: ID-BOOK-2-1546193618858-0-3

com.tck.camunda.CamundaCamelException: some error occured in service
	at com.tck.camunda.routes.MyCamelRouteBuilder$1.process(MyCamelRouteBuilder.java:46) ~[classes/:na]
	at org.apache.camel.processor.DelegateSyncProcessor.process(DelegateSyncProcessor.java:63) ~[camel-core-2.22.2.jar:2.22.2]
	at org.apache.camel.processor.RedeliveryErrorHandler.process(RedeliveryErrorHandler.java:548) [camel-core-2.22.2.jar:2.22.2]
	at org.apache.camel.processor.CamelInternalProcessor.process(CamelInternalProcessor.java:201) [camel-core-2.22.2.jar:2.22.2]
	at org.apache.camel.processor.Pipeline.process(Pipeline.java:138) [camel-core-2.22.2.jar:2.22.2]
	at org.apache.camel.processor.Pipeline.process(Pipeline.java:101) [camel-core-2.22.2.jar:2.22.2]
	at org.apache.camel.processor.CamelInternalProcessor.process(CamelInternalProcessor.java:201) [camel-core-2.22.2.jar:2.22.2]
	at org.apache.camel.component.direct.DirectBlockingProducer.process(DirectBlockingProducer.java:53) [camel-core-2.22.2.jar:2.22.2]
	at org.apache.camel.processor.SharedCamelInternalProcessor.process(SharedCamelInternalProcessor.java:186) [camel-core-2.22.2.jar:2.22.2]
	at org.apache.camel.processor.SharedCamelInternalProcessor.process(SharedCamelInternalProcessor.java:86) [camel-core-2.22.2.jar:2.22.2]
	at org.apache.camel.impl.ProducerCache$1.doInProducer(ProducerCache.java:541) [camel-core-2.22.2.jar:2.22.2]
	at org.apache.camel.impl.ProducerCache$1.doInProducer(ProducerCache.java:506) [camel-core-2.22.2.jar:2.22.2]
	at org.apache.camel.impl.ProducerCache.doInProducer(ProducerCache.java:369) [camel-core-2.22.2.jar:2.22.2]
	at org.apache.camel.impl.ProducerCache.sendExchange(ProducerCache.java:506) [camel-core-2.22.2.jar:2.22.2]
	at org.apache.camel.impl.ProducerCache.send(ProducerCache.java:213) [camel-core-2.22.2.jar:2.22.2]
	at org.apache.camel.impl.DefaultProducerTemplate.send(DefaultProducerTemplate.java:139) [camel-core-2.22.2.jar:2.22.2]
	at org.apache.camel.impl.DefaultProducerTemplate.send(DefaultProducerTemplate.java:125) [camel-core-2.22.2.jar:2.22.2]
	at org.camunda.bpm.camel.common.CamelServiceCommonImpl.sendToInternal(CamelServiceCommonImpl.java:101) [camunda-bpm-camel-common-0.7-20181211.094059-4.jar:0.7-SNAPSHOT]
	at org.camunda.bpm.camel.common.CamelServiceCommonImpl.sendTo(CamelServiceCommonImpl.java:63) [camunda-bpm-camel-common-0.7-20181211.094059-4.jar:0.7-SNAPSHOT]
	at org.camunda.bpm.camel.common.CamelServiceCommonImpl.sendTo(CamelServiceCommonImpl.java:36) [camunda-bpm-camel-common-0.7-20181211.094059-4.jar:0.7-SNAPSHOT]
	at sun.reflect.NativeMethodAccessorImpl.invoke0(Native Method) ~[na:1.8.0_172]
	at sun.reflect.NativeMethodAccessorImpl.invoke(NativeMethodAccessorImpl.java:62) ~[na:1.8.0_172]
	at sun.reflect.DelegatingMethodAccessorImpl.invoke(DelegatingMethodAccessorImpl.java:43) ~[na:1.8.0_172]
	at java.lang.reflect.Method.invoke(Method.java:498) ~[na:1.8.0_172]
	at org.camunda.bpm.engine.impl.javax.el.BeanELResolver.invoke(BeanELResolver.java:479) [camunda-engine-7.9.0.jar:7.9.0]
	at org.camunda.bpm.engine.impl.javax.el.CompositeELResolver.invoke(CompositeELResolver.java:397) [camunda-engine-7.9.0.jar:7.9.0]
	at org.camunda.bpm.engine.impl.juel.AstMethod.invoke(AstMethod.java:91) [camunda-engine-7.9.0.jar:7.9.0]
	at org.camunda.bpm.engine.impl.juel.AstMethod.eval(AstMethod.java:75) [camunda-engine-7.9.0.jar:7.9.0]
	at org.camunda.bpm.engine.impl.juel.AstEval.eval(AstEval.java:50) [camunda-engine-7.9.0.jar:7.9.0]
	at org.camunda.bpm.engine.impl.juel.AstNode.getValue(AstNode.java:26) [camunda-engine-7.9.0.jar:7.9.0]
	at org.camunda.bpm.engine.impl.juel.TreeValueExpression.getValue(TreeValueExpression.java:114) [camunda-engine-7.9.0.jar:7.9.0]
	at org.camunda.bpm.engine.impl.delegate.ExpressionGetInvocation.invoke(ExpressionGetInvocation.java:36) [camunda-engine-7.9.0.jar:7.9.0]
	at org.camunda.bpm.engine.impl.delegate.DelegateInvocation.proceed(DelegateInvocation.java:54) [camunda-engine-7.9.0.jar:7.9.0]
	at org.camunda.bpm.engine.impl.delegate.DefaultDelegateInterceptor.handleInvocationInContext(DefaultDelegateInterceptor.java:87) [camunda-engine-7.9.0.jar:7.9.0]
	at org.camunda.bpm.engine.impl.delegate.DefaultDelegateInterceptor.handleInvocation(DefaultDelegateInterceptor.java:59) [camunda-engine-7.9.0.jar:7.9.0]
	at org.camunda.bpm.engine.impl.el.JuelExpression.getValue(JuelExpression.java:55) [camunda-engine-7.9.0.jar:7.9.0]
	at org.camunda.bpm.engine.impl.el.JuelExpression.getValue(JuelExpression.java:48) [camunda-engine-7.9.0.jar:7.9.0]
	at org.camunda.bpm.engine.impl.bpmn.behavior.ServiceTaskExpressionActivityBehavior$1.call(ServiceTaskExpressionActivityBehavior.java:47) [camunda-engine-7.9.0.jar:7.9.0]
	at org.camunda.bpm.engine.impl.bpmn.behavior.ServiceTaskExpressionActivityBehavior$1.call(ServiceTaskExpressionActivityBehavior.java:43) [camunda-engine-7.9.0.jar:7.9.0]
	at org.camunda.bpm.engine.impl.bpmn.behavior.AbstractBpmnActivityBehavior.executeWithErrorPropagation(AbstractBpmnActivityBehavior.java:108) [camunda-engine-7.9.0.jar:7.9.0]
	at org.camunda.bpm.engine.impl.bpmn.behavior.ServiceTaskExpressionActivityBehavior.performExecution(ServiceTaskExpressionActivityBehavior.java:43) [camunda-engine-7.9.0.jar:7.9.0]
	at org.camunda.bpm.engine.impl.bpmn.behavior.TaskActivityBehavior.execute(TaskActivityBehavior.java:65) [camunda-engine-7.9.0.jar:7.9.0]
	at org.camunda.bpm.engine.impl.pvm.runtime.operation.PvmAtomicOperationActivityExecute$2.callback(PvmAtomicOperationActivityExecute.java:57) [camunda-engine-7.9.0.jar:7.9.0]
	at org.camunda.bpm.engine.impl.pvm.runtime.operation.PvmAtomicOperationActivityExecute$2.callback(PvmAtomicOperationActivityExecute.java:46) [camunda-engine-7.9.0.jar:7.9.0]
	at org.camunda.bpm.engine.impl.pvm.runtime.PvmExecutionImpl.continueIfExecutionDoesNotAffectNextOperation(PvmExecutionImpl.java:1965) [camunda-engine-7.9.0.jar:7.9.0]
	at org.camunda.bpm.engine.impl.pvm.runtime.operation.PvmAtomicOperationActivityExecute.execute(PvmAtomicOperationActivityExecute.java:38) [camunda-engine-7.9.0.jar:7.9.0]
	at org.camunda.bpm.engine.impl.pvm.runtime.operation.PvmAtomicOperationActivityExecute.execute(PvmAtomicOperationActivityExecute.java:27) [camunda-engine-7.9.0.jar:7.9.0]
	at org.camunda.bpm.engine.impl.interceptor.AtomicOperationInvocation.execute(AtomicOperationInvocation.java:91) [camunda-engine-7.9.0.jar:7.9.0]
	at org.camunda.bpm.engine.impl.interceptor.CommandInvocationContext.invokeNext(CommandInvocationContext.java:125) [camunda-engine-7.9.0.jar:7.9.0]
	at org.camunda.bpm.engine.impl.interceptor.CommandInvocationContext.performNext(CommandInvocationContext.java:104) [camunda-engine-7.9.0.jar:7.9.0]
	at org.camunda.bpm.engine.impl.interceptor.CommandInvocationContext.performOperation(CommandInvocationContext.java:79) [camunda-engine-7.9.0.jar:7.9.0]
	at org.camunda.bpm.engine.impl.persistence.entity.ExecutionEntity.performOperation(ExecutionEntity.java:618) [camunda-engine-7.9.0.jar:7.9.0]
	at org.camunda.bpm.engine.impl.persistence.entity.ExecutionEntity.performOperation(ExecutionEntity.java:594) [camunda-engine-7.9.0.jar:7.9.0]
	at org.camunda.bpm.engine.impl.pvm.runtime.PvmExecutionImpl$5.callback(PvmExecutionImpl.java:1904) [camunda-engine-7.9.0.jar:7.9.0]
	at org.camunda.bpm.engine.impl.pvm.runtime.PvmExecutionImpl$5.callback(PvmExecutionImpl.java:1901) [camunda-engine-7.9.0.jar:7.9.0]
	at org.camunda.bpm.engine.impl.pvm.runtime.PvmExecutionImpl.continueExecutionIfNotCanceled(PvmExecutionImpl.java:1971) [camunda-engine-7.9.0.jar:7.9.0]
	at org.camunda.bpm.engine.impl.pvm.runtime.PvmExecutionImpl.dispatchDelayedEventsAndPerformOperation(PvmExecutionImpl.java:1920) [camunda-engine-7.9.0.jar:7.9.0]
	at org.camunda.bpm.engine.impl.pvm.runtime.PvmExecutionImpl.dispatchDelayedEventsAndPerformOperation(PvmExecutionImpl.java:1901) [camunda-engine-7.9.0.jar:7.9.0]
	at org.camunda.bpm.engine.impl.pvm.runtime.operation.PvmAtomicOperationTransitionNotifyListenerStart.eventNotificationsCompleted(PvmAtomicOperationTransitionNotifyListenerStart.java:57) [camunda-engine-7.9.0.jar:7.9.0]
	at org.camunda.bpm.engine.impl.pvm.runtime.operation.PvmAtomicOperationTransitionNotifyListenerStart.eventNotificationsCompleted(PvmAtomicOperationTransitionNotifyListenerStart.java:27) [camunda-engine-7.9.0.jar:7.9.0]
	at org.camunda.bpm.engine.impl.core.operation.AbstractEventAtomicOperation.execute(AbstractEventAtomicOperation.java:65) [camunda-engine-7.9.0.jar:7.9.0]
	at org.camunda.bpm.engine.impl.interceptor.AtomicOperationInvocation.execute(AtomicOperationInvocation.java:91) [camunda-engine-7.9.0.jar:7.9.0]
	at org.camunda.bpm.engine.impl.interceptor.CommandInvocationContext.invokeNext(CommandInvocationContext.java:125) [camunda-engine-7.9.0.jar:7.9.0]
	at org.camunda.bpm.engine.impl.interceptor.CommandInvocationContext.performNext(CommandInvocationContext.java:104) [camunda-engine-7.9.0.jar:7.9.0]
	at org.camunda.bpm.engine.impl.interceptor.CommandInvocationContext.performOperation(CommandInvocationContext.java:79) [camunda-engine-7.9.0.jar:7.9.0]
	at org.camunda.bpm.engine.impl.interceptor.CommandInvocationContext.performOperation(CommandInvocationContext.java:69) [camunda-engine-7.9.0.jar:7.9.0]
	at org.camunda.bpm.engine.impl.persistence.entity.ExecutionEntity.performOperationSync(ExecutionEntity.java:629) [camunda-engine-7.9.0.jar:7.9.0]
	at org.camunda.bpm.engine.impl.persistence.entity.ExecutionEntity.performOperationSync(ExecutionEntity.java:604) [camunda-engine-7.9.0.jar:7.9.0]
	at org.camunda.bpm.engine.impl.core.operation.AbstractEventAtomicOperation.execute(AbstractEventAtomicOperation.java:58) [camunda-engine-7.9.0.jar:7.9.0]
	at org.camunda.bpm.engine.impl.interceptor.AtomicOperationInvocation.execute(AtomicOperationInvocation.java:91) [camunda-engine-7.9.0.jar:7.9.0]
	at org.camunda.bpm.engine.impl.interceptor.CommandInvocationContext.invokeNext(CommandInvocationContext.java:125) [camunda-engine-7.9.0.jar:7.9.0]
	at org.camunda.bpm.engine.impl.interceptor.CommandInvocationContext.performNext(CommandInvocationContext.java:104) [camunda-engine-7.9.0.jar:7.9.0]
	at org.camunda.bpm.engine.impl.interceptor.CommandInvocationContext.performOperation(CommandInvocationContext.java:79) [camunda-engine-7.9.0.jar:7.9.0]
	at org.camunda.bpm.engine.impl.interceptor.CommandInvocationContext.performOperation(CommandInvocationContext.java:69) [camunda-engine-7.9.0.jar:7.9.0]
	at org.camunda.bpm.engine.impl.persistence.entity.ExecutionEntity.performOperationSync(ExecutionEntity.java:629) [camunda-engine-7.9.0.jar:7.9.0]
	at org.camunda.bpm.engine.impl.persistence.entity.ExecutionEntity.performOperationSync(ExecutionEntity.java:604) [camunda-engine-7.9.0.jar:7.9.0]
	at org.camunda.bpm.engine.impl.core.operation.AbstractEventAtomicOperation.execute(AbstractEventAtomicOperation.java:58) [camunda-engine-7.9.0.jar:7.9.0]
	at org.camunda.bpm.engine.impl.interceptor.AtomicOperationInvocation.execute(AtomicOperationInvocation.java:91) [camunda-engine-7.9.0.jar:7.9.0]
	at org.camunda.bpm.engine.impl.interceptor.CommandInvocationContext.invokeNext(CommandInvocationContext.java:125) [camunda-engine-7.9.0.jar:7.9.0]
	at org.camunda.bpm.engine.impl.interceptor.CommandInvocationContext.performNext(CommandInvocationContext.java:104) [camunda-engine-7.9.0.jar:7.9.0]
	at org.camunda.bpm.engine.impl.interceptor.CommandInvocationContext.performOperation(CommandInvocationContext.java:79) [camunda-engine-7.9.0.jar:7.9.0]
	at org.camunda.bpm.engine.impl.persistence.entity.ExecutionEntity.performOperation(ExecutionEntity.java:618) [camunda-engine-7.9.0.jar:7.9.0]
	at org.camunda.bpm.engine.impl.persistence.entity.ExecutionEntity.performOperation(ExecutionEntity.java:594) [camunda-engine-7.9.0.jar:7.9.0]
	at org.camunda.bpm.engine.impl.pvm.runtime.operation.PvmAtomicOperationTransitionCreateScope.scopeCreated(PvmAtomicOperationTransitionCreateScope.java:34) [camunda-engine-7.9.0.jar:7.9.0]
	at org.camunda.bpm.engine.impl.pvm.runtime.operation.PvmAtomicOperationCreateScope.execute(PvmAtomicOperationCreateScope.java:50) [camunda-engine-7.9.0.jar:7.9.0]
	at org.camunda.bpm.engine.impl.pvm.runtime.operation.PvmAtomicOperationCreateScope.execute(PvmAtomicOperationCreateScope.java:24) [camunda-engine-7.9.0.jar:7.9.0]
	at org.camunda.bpm.engine.impl.interceptor.AtomicOperationInvocation.execute(AtomicOperationInvocation.java:91) [camunda-engine-7.9.0.jar:7.9.0]
	at org.camunda.bpm.engine.impl.interceptor.CommandInvocationContext.invokeNext(CommandInvocationContext.java:125) [camunda-engine-7.9.0.jar:7.9.0]
	at org.camunda.bpm.engine.impl.interceptor.CommandInvocationContext.performNext(CommandInvocationContext.java:112) [camunda-engine-7.9.0.jar:7.9.0]
	at org.camunda.bpm.engine.impl.interceptor.CommandInvocationContext$1.call(CommandInvocationContext.java:95) [camunda-engine-7.9.0.jar:7.9.0]
	at org.camunda.bpm.engine.impl.interceptor.CommandInvocationContext$1.call(CommandInvocationContext.java:93) [camunda-engine-7.9.0.jar:7.9.0]
	at org.camunda.bpm.engine.impl.context.ProcessApplicationClassloaderInterceptor.call(ProcessApplicationClassloaderInterceptor.java:44) [camunda-engine-7.9.0.jar:7.9.0]
	at org.camunda.bpm.application.AbstractProcessApplication.execute(AbstractProcessApplication.java:114) [camunda-engine-7.9.0.jar:7.9.0]
	at org.camunda.bpm.application.AbstractProcessApplication.execute(AbstractProcessApplication.java:125) [camunda-engine-7.9.0.jar:7.9.0]
	at org.camunda.bpm.engine.impl.context.Context.executeWithinProcessApplication(Context.java:192) [camunda-engine-7.9.0.jar:7.9.0]
	at org.camunda.bpm.engine.impl.interceptor.CommandInvocationContext.performNext(CommandInvocationContext.java:93) [camunda-engine-7.9.0.jar:7.9.0]
	at org.camunda.bpm.engine.impl.interceptor.CommandInvocationContext.performOperation(CommandInvocationContext.java:79) [camunda-engine-7.9.0.jar:7.9.0]
	at org.camunda.bpm.engine.impl.persistence.entity.ExecutionEntity.performOperation(ExecutionEntity.java:618) [camunda-engine-7.9.0.jar:7.9.0]
	at org.camunda.bpm.engine.impl.persistence.entity.ExecutionEntity.performOperation(ExecutionEntity.java:594) [camunda-engine-7.9.0.jar:7.9.0]
	at org.camunda.bpm.engine.impl.pvm.runtime.PvmExecutionImpl.start(PvmExecutionImpl.java:237) [camunda-engine-7.9.0.jar:7.9.0]
	at org.camunda.bpm.engine.impl.persistence.entity.ExecutionEntity.start(ExecutionEntity.java:431) [camunda-engine-7.9.0.jar:7.9.0]
	at org.camunda.bpm.engine.impl.cmd.StartProcessInstanceCmd.execute(StartProcessInstanceCmd.java:59) [camunda-engine-7.9.0.jar:7.9.0]
	at org.camunda.bpm.engine.impl.cmd.StartProcessInstanceCmd.execute(StartProcessInstanceCmd.java:31) [camunda-engine-7.9.0.jar:7.9.0]
	at org.camunda.bpm.engine.impl.interceptor.CommandExecutorImpl.execute(CommandExecutorImpl.java:24) [camunda-engine-7.9.0.jar:7.9.0]
	at org.camunda.bpm.engine.impl.interceptor.CommandContextInterceptor.execute(CommandContextInterceptor.java:104) [camunda-engine-7.9.0.jar:7.9.0]
	at org.camunda.bpm.engine.spring.SpringTransactionInterceptor$1.doInTransaction(SpringTransactionInterceptor.java:42) [camunda-engine-spring-7.9.0.jar:7.9.0]
	at org.springframework.transaction.support.TransactionTemplate.execute(TransactionTemplate.java:140) [spring-tx-5.0.6.RELEASE.jar:5.0.6.RELEASE]
	at org.camunda.bpm.engine.spring.SpringTransactionInterceptor.execute(SpringTransactionInterceptor.java:40) [camunda-engine-spring-7.9.0.jar:7.9.0]
	at org.camunda.bpm.engine.impl.interceptor.ProcessApplicationContextInterceptor.execute(ProcessApplicationContextInterceptor.java:66) [camunda-engine-7.9.0.jar:7.9.0]
	at org.camunda.bpm.engine.impl.interceptor.LogInterceptor.execute(LogInterceptor.java:30) [camunda-engine-7.9.0.jar:7.9.0]
	at org.camunda.bpm.engine.impl.ProcessInstantiationBuilderImpl.executeWithVariablesInReturn(ProcessInstantiationBuilderImpl.java:162) [camunda-engine-7.9.0.jar:7.9.0]
	at org.camunda.bpm.engine.impl.ProcessInstantiationBuilderImpl.execute(ProcessInstantiationBuilderImpl.java:128) [camunda-engine-7.9.0.jar:7.9.0]
	at org.camunda.bpm.engine.impl.ProcessInstantiationBuilderImpl.execute(ProcessInstantiationBuilderImpl.java:124) [camunda-engine-7.9.0.jar:7.9.0]
	at org.camunda.bpm.engine.impl.RuntimeServiceImpl.startProcessInstanceByKey(RuntimeServiceImpl.java:101) [camunda-engine-7.9.0.jar:7.9.0]
	at org.camunda.bpm.camel.component.producer.StartProcessProducer.process(StartProcessProducer.java:74) [camunda-bpm-camel-common-0.7-20181211.094059-4.jar:0.7-SNAPSHOT]
	at org.apache.camel.util.AsyncProcessorConverterHelper$ProcessorToAsyncProcessorBridge.process(AsyncProcessorConverterHelper.java:61) [camel-core-2.22.2.jar:2.22.2]
	at org.apache.camel.processor.SendProcessor.process(SendProcessor.java:148) [camel-core-2.22.2.jar:2.22.2]
	at org.apache.camel.processor.RedeliveryErrorHandler.process(RedeliveryErrorHandler.java:548) [camel-core-2.22.2.jar:2.22.2]
	at org.apache.camel.processor.CamelInternalProcessor.process(CamelInternalProcessor.java:201) [camel-core-2.22.2.jar:2.22.2]
	at org.apache.camel.processor.Pipeline.process(Pipeline.java:138) [camel-core-2.22.2.jar:2.22.2]
	at org.apache.camel.processor.Pipeline.process(Pipeline.java:101) [camel-core-2.22.2.jar:2.22.2]
	at org.apache.camel.processor.CamelInternalProcessor.process(CamelInternalProcessor.java:201) [camel-core-2.22.2.jar:2.22.2]
	at org.apache.camel.component.file.GenericFileConsumer.processExchange(GenericFileConsumer.java:454) [camel-core-2.22.2.jar:2.22.2]
	at org.apache.camel.component.file.GenericFileConsumer.processBatch(GenericFileConsumer.java:223) [camel-core-2.22.2.jar:2.22.2]
	at org.apache.camel.component.file.GenericFileConsumer.poll(GenericFileConsumer.java:187) [camel-core-2.22.2.jar:2.22.2]
	at org.apache.camel.impl.ScheduledPollConsumer.doRun(ScheduledPollConsumer.java:174) [camel-core-2.22.2.jar:2.22.2]
	at org.apache.camel.impl.ScheduledPollConsumer.run(ScheduledPollConsumer.java:101) [camel-core-2.22.2.jar:2.22.2]
	at java.util.concurrent.Executors$RunnableAdapter.call(Executors.java:511) [na:1.8.0_172]
	at java.util.concurrent.FutureTask.runAndReset(FutureTask.java:308) [na:1.8.0_172]
	at java.util.concurrent.ScheduledThreadPoolExecutor$ScheduledFutureTask.access$301(ScheduledThreadPoolExecutor.java:180) [na:1.8.0_172]
	at java.util.concurrent.ScheduledThreadPoolExecutor$ScheduledFutureTask.run(ScheduledThreadPoolExecutor.java:294) [na:1.8.0_172]
	at java.util.concurrent.ThreadPoolExecutor.runWorker(ThreadPoolExecutor.java:1149) [na:1.8.0_172]
	at java.util.concurrent.ThreadPoolExecutor$Worker.run(ThreadPoolExecutor.java:624) [na:1.8.0_172]
	at java.lang.Thread.run(Thread.java:748) [na:1.8.0_172]

2018-12-31 01:14:51.429 ERROR 6184 --- [Camel (camel-1) thread #1 - file://C:%5CUsers%5CUser%5Ccamunda-bpm-demo-camel] o.a.c.p.FatalFallbackErrorHandler        : \--> New exception on exchangeId: ID-BOOK-2-1546193618858-0-3

org.camunda.bpm.engine.delegate.BpmnError: null
	at com.tck.camunda.routes.MyCamelRouteBuilder.configure(MyCamelRouteBuilder.java:36) ~[classes/:na]
	at org.apache.camel.builder.RouteBuilder.checkInitialized(RouteBuilder.java:462) ~[camel-core-2.22.2.jar:2.22.2]
	at org.apache.camel.builder.RouteBuilder.configureRoutes(RouteBuilder.java:402) ~[camel-core-2.22.2.jar:2.22.2]
	at org.apache.camel.builder.RouteBuilder.addRoutesToCamelContext(RouteBuilder.java:383) ~[camel-core-2.22.2.jar:2.22.2]
	at org.apache.camel.impl.DefaultCamelContext$1.call(DefaultCamelContext.java:1029) ~[camel-core-2.22.2.jar:2.22.2]
	at org.apache.camel.impl.DefaultCamelContext$1.call(DefaultCamelContext.java:1026) ~[camel-core-2.22.2.jar:2.22.2]
	at org.apache.camel.impl.DefaultCamelContext.doWithDefinedClassLoader(DefaultCamelContext.java:3272) ~[camel-core-2.22.2.jar:2.22.2]
	at org.apache.camel.impl.DefaultCamelContext.addRoutes(DefaultCamelContext.java:1026) ~[camel-core-2.22.2.jar:2.22.2]
	at org.apache.camel.spring.boot.RoutesCollector.onApplicationEvent(RoutesCollector.java:131) ~[camel-spring-boot-2.22.2.jar:2.22.2]
	at org.apache.camel.spring.boot.RoutesCollector.onApplicationEvent(RoutesCollector.java:57) ~[camel-spring-boot-2.22.2.jar:2.22.2]
	at org.springframework.context.event.SimpleApplicationEventMulticaster.doInvokeListener(SimpleApplicationEventMulticaster.java:172) ~[spring-context-5.0.6.RELEASE.jar:5.0.6.RELEASE]
	at org.springframework.context.event.SimpleApplicationEventMulticaster.invokeListener(SimpleApplicationEventMulticaster.java:165) ~[spring-context-5.0.6.RELEASE.jar:5.0.6.RELEASE]
	at org.springframework.context.event.SimpleApplicationEventMulticaster.multicastEvent(SimpleApplicationEventMulticaster.java:139) ~[spring-context-5.0.6.RELEASE.jar:5.0.6.RELEASE]
	at org.springframework.context.support.AbstractApplicationContext.publishEvent(AbstractApplicationContext.java:400) ~[spring-context-5.0.6.RELEASE.jar:5.0.6.RELEASE]
	at org.springframework.context.support.AbstractApplicationContext.publishEvent(AbstractApplicationContext.java:354) ~[spring-context-5.0.6.RELEASE.jar:5.0.6.RELEASE]
	at org.springframework.context.support.AbstractApplicationContext.finishRefresh(AbstractApplicationContext.java:888) ~[spring-context-5.0.6.RELEASE.jar:5.0.6.RELEASE]
	at org.springframework.boot.web.servlet.context.ServletWebServerApplicationContext.finishRefresh(ServletWebServerApplicationContext.java:161) ~[spring-boot-2.0.2.RELEASE.jar:2.0.2.RELEASE]
	at org.springframework.context.support.AbstractApplicationContext.refresh(AbstractApplicationContext.java:553) ~[spring-context-5.0.6.RELEASE.jar:5.0.6.RELEASE]
	at org.springframework.boot.web.servlet.context.ServletWebServerApplicationContext.refresh(ServletWebServerApplicationContext.java:140) ~[spring-boot-2.0.2.RELEASE.jar:2.0.2.RELEASE]
	at org.springframework.boot.SpringApplication.refresh(SpringApplication.java:759) ~[spring-boot-2.0.2.RELEASE.jar:2.0.2.RELEASE]
	at org.springframework.boot.SpringApplication.refreshContext(SpringApplication.java:395) ~[spring-boot-2.0.2.RELEASE.jar:2.0.2.RELEASE]
	at org.springframework.boot.SpringApplication.run(SpringApplication.java:327) ~[spring-boot-2.0.2.RELEASE.jar:2.0.2.RELEASE]
	at org.springframework.boot.SpringApplication.run(SpringApplication.java:1255) ~[spring-boot-2.0.2.RELEASE.jar:2.0.2.RELEASE]
	at org.springframework.boot.SpringApplication.run(SpringApplication.java:1243) ~[spring-boot-2.0.2.RELEASE.jar:2.0.2.RELEASE]
	at com.tck.camunda.CamundaCamelApplication.main(CamundaCamelApplication.java:12) ~[classes/:na]

